#
# A fatal error has been detected by the Java Runtime Environment:
#
#  SIGSEGV (0xb) at pc=0x00007f9efb484d3c, pid=5381, tid=5384
#
# JRE version: OpenJDK Runtime Environment (11.0.15+3) (build 11.0.15+3)
# Java VM: OpenJDK 64-Bit Server VM (11.0.15+3, mixed mode, tiered, compressed oops, g1 gc, linux-amd64)
# Problematic frame:
# C  [libimgui-java64.so+0x202d3c]  ImGui::ButtonEx(char const*, ImVec2 const&, int)+0x2c
#
# Core dump will be written. Default location: Core dumps may be processed with "/usr/lib/systemd/systemd-coredump %P %u %g %s %t %c %h" (or dumping to /home/piuslee/IdeaProjects/jacoblyles/core.5381)
#
# If you would like to submit a bug report, please visit:
#   https://bugreport.java.com/bugreport/crash.jsp
# The crash happened outside the Java Virtual Machine in native code.
# See problematic frame for where to report the bug.
#

---------------  S U M M A R Y ------------

Command Line: -javaagent:/opt/intellij-idea-ce-eap/lib/idea_rt.jar=40309:/opt/intellij-idea-ce-eap/bin -Dfile.encoding=UTF-8 test.ExampleGraphics

Host: Intel(R) Xeon(R) CPU E3-1505M v6 @ 3.00GHz, 8 cores, 31G, Arch Linux
Time: Fri Mar 25 11:13:27 2022 EDT elapsed time: 0.245227 seconds (0d 0h 0m 0s)

---------------  T H R E A D  ---------------

Current thread (0x00007f9f68016800):  JavaThread "main" [_thread_in_native, id=5384, stack(0x00007f9f6f867000,0x00007f9f6f967000)]

Stack: [0x00007f9f6f867000,0x00007f9f6f967000],  sp=0x00007f9f6f965720,  free space=1017k
Native frames: (J=compiled Java code, A=aot compiled Java code, j=interpreted, Vv=VM code, C=native code)
C  [libimgui-java64.so+0x202d3c]  ImGui::ButtonEx(char const*, ImVec2 const&, int)+0x2c

Java frames: (J=compiled Java code, j=interpreted, Vv=VM code)
j  imgui.ImGui.button(Ljava/lang/String;)Z+0
j  test.ExampleGraphics.show(Limgui/type/ImBoolean;)V+2
j  test.ExampleGraphics.main([Ljava/lang/String;)V+8
v  ~StubRoutines::call_stub

siginfo: si_signo: 11 (SIGSEGV), si_code: 1 (SEGV_MAPERR), si_addr: 0x0000000000001d28

Register to memory mapping:

RAX=0x00007f9efb7d0d88: GImGui+0x0000000000000000 in /tmp/imgui-java-natives_1648221207795/libimgui-java64.so at 0x00007f9efb282000
RBX=0x0 is NULL
RCX=0x00007f9f6857bd32 points into unknown readable memory: 00 91 98 7f 00 00
RDX=0x0 is NULL
RSP=0x00007f9f6f965720 is pointing into the stack for thread: 0x00007f9f68016800
RBP=0x00007f9f68016b48 points into unknown readable memory: 0x00007f9f70f23a00 | 00 3a f2 70 9f 7f 00 00
RSI=0x00007f9f6f9657c0 is pointing into the stack for thread: 0x00007f9f68016800
RDI=0x00007f9f6857bd30 points into unknown readable memory: 0x00007f989100696e | 6e 69 00 91 98 7f 00 00
R8 =0x000000062ea6e5c2 is pointing into object: [B 
{0x000000062ea6e5b0} - klass: {type array byte}
 - length: 2
R9 =0x0000000000000002 is an unknown value
R10=0x00007f9efb2abfb8: <offset 0x0000000000029fb8> in /tmp/imgui-java-natives_1648221207795/libimgui-java64.so at 0x00007f9efb282000
R11=0x00007f9efb484d10: _ZN5ImGui8ButtonExEPKcRK6ImVec2i+0x0000000000000000 in /tmp/imgui-java-natives_1648221207795/libimgui-java64.so at 0x00007f9efb282000
R12=0x00007f9f6f965870 is pointing into the stack for thread: 0x00007f9f68016800
R13=0x00007f9f6857bd30 points into unknown readable memory: 0x00007f989100696e | 6e 69 00 91 98 7f 00 00
R14=0x00007f9f6f965870 is pointing into the stack for thread: 0x00007f9f68016800
R15=0x00007f9f68016800 is a thread


Registers:
RAX=0x00007f9efb7d0d88, RBX=0x0000000000000000, RCX=0x00007f9f6857bd32, RDX=0x0000000000000000
RSP=0x00007f9f6f965720, RBP=0x00007f9f68016b48, RSI=0x00007f9f6f9657c0, RDI=0x00007f9f6857bd30
R8 =0x000000062ea6e5c2, R9 =0x0000000000000002, R10=0x00007f9efb2abfb8, R11=0x00007f9efb484d10
R12=0x00007f9f6f965870, R13=0x00007f9f6857bd30, R14=0x00007f9f6f965870, R15=0x00007f9f68016800
RIP=0x00007f9efb484d3c, EFLAGS=0x0000000000010246, CSGSFS=0x002b000000000033, ERR=0x0000000000000004
  TRAPNO=0x000000000000000e

Top of Stack: (sp=0x00007f9f6f965720)
0x00007f9f6f965720:   00007f9f6f965750 00007f9f68016800
0x00007f9f6f965730:   00007f9f68016800 0000000000000000
0x00007f9f6f965740:   00007f9f50612dd8 00007f9f680175f0
0x00007f9f6f965750:   0000000000000000 0000000000000000 

Instructions: (pc=0x00007f9efb484d3c)
0x00007f9efb484c3c:   00 00 00 0f 85 81 fc ff ff 41 bf ff ff ff ff 80
0x00007f9efb484c4c:   bd 40 04 00 00 00 0f 84 e8 fd ff ff 41 83 ff ff
0x00007f9efb484c5c:   0f 85 d1 fb ff ff e9 b7 fc ff ff 66 0f 1f 84 00
0x00007f9efb484c6c:   00 00 00 00 80 bd 3f 04 00 00 00 75 65 41 bf 02
0x00007f9efb484c7c:   00 00 00 eb ca 80 bd 3f 04 00 00 00 0f 85 d7 f8
0x00007f9efb484c8c:   ff ff 41 f6 c5 04 0f 84 b8 fd ff ff 80 bd 40 04
0x00007f9efb484c9c:   00 00 00 0f 84 ab fd ff ff eb b1 66 0f 1f 84 00
0x00007f9efb484cac:   00 00 00 00 41 f6 c5 04 0f 84 38 f9 ff ff e9 52
0x00007f9efb484cbc:   fc ff ff 48 8d 0d ba 83 2d 00 ba 78 02 00 00 48
0x00007f9efb484ccc:   8d 35 26 82 2d 00 48 8d 3d 67 83 2d 00 e8 42 3a
0x00007f9efb484cdc:   ea ff 44 3b a5 7c 1d 00 00 74 13 c7 44 24 2c 01
0x00007f9efb484cec:   00 00 00 41 bf 02 00 00 00 e9 80 f8 ff ff 45 85
0x00007f9efb484cfc:   f6 0f 84 3d f7 ff ff e9 c7 fb ff ff 0f 1f 84 00
0x00007f9efb484d0c:   00 00 00 00 f3 0f 1e fa 41 57 41 56 41 55 41 54
0x00007f9efb484d1c:   55 53 48 83 ec 68 64 48 8b 04 25 28 00 00 00 48
0x00007f9efb484d2c:   89 44 24 58 31 c0 48 8b 05 07 ef 33 00 48 8b 18
0x00007f9efb484d3c:   4c 8b a3 28 1d 00 00 41 80 bc 24 cc 00 00 00 00
0x00007f9efb484d4c:   41 c6 84 24 c9 00 00 00 01 74 29 45 31 e4 48 8b
0x00007f9efb484d5c:   44 24 58 64 48 33 04 25 28 00 00 00 0f 85 62 02
0x00007f9efb484d6c:   00 00 48 83 c4 68 44 89 e0 5b 5d 41 5c 41 5d 41
0x00007f9efb484d7c:   5e 41 5f c3 49 89 fd 49 89 f6 89 d5 48 89 fe 31
0x00007f9efb484d8c:   d2 4c 89 e7 e8 2b 77 ea ff ba 01 00 00 00 31 f6
0x00007f9efb484d9c:   4c 89 ef f3 0f 10 05 f1 e2 2a 00 41 89 c7 e8 f1
0x00007f9efb484dac:   2a ea ff f3 0f 10 93 90 16 00 00 f3 41 0f 10 a4
0x00007f9efb484dbc:   24 10 01 00 00 f3 41 0f 10 9c 24 14 01 00 00 66
0x00007f9efb484dcc:   0f d6 44 24 20 f7 c5 00 80 00 00 74 13 f3 41 0f
0x00007f9efb484ddc:   10 84 24 48 01 00 00 0f 2f c2 0f 87 bc 01 00 00
0x00007f9efb484dec:   f3 0f 58 d2 f3 0f 10 8b 8c 16 00 00 f3 0f 58 54
0x00007f9efb484dfc:   24 24 f3 0f 11 5c 24 0c f3 41 0f 7e 06 f3 0f 11
0x00007f9efb484e0c:   64 24 08 4c 8d 74 24 40 f3 0f 58 c9 f3 0f 58 4c
0x00007f9efb484e1c:   24 20 e8 cd 29 ea ff f3 0f 10 5c 24 0c f3 0f 10
0x00007f9efb484e2c:   64 24 08 48 8d 7c 24 28 66 0f d6 44 24 28 f3 0f 


Stack slot to memory mapping:
stack at sp + 0 slots: 0x00007f9f6f965750 is pointing into the stack for thread: 0x00007f9f68016800
stack at sp + 1 slots: 0x00007f9f68016800 is a thread
stack at sp + 2 slots: 0x00007f9f68016800 is a thread
stack at sp + 3 slots: 0x0 is NULL
stack at sp + 4 slots: {method} {0x00007f9f50612dd8} 'button' '(Ljava/lang/String;)Z' in 'imgui/ImGui'
stack at sp + 5 slots: 0x00007f9f680175f0 points into unknown readable memory: 0x0000003c00000001 | 01 00 00 00 3c 00 00 00
stack at sp + 6 slots: 0x0 is NULL
stack at sp + 7 slots: 0x0 is NULL


---------------  P R O C E S S  ---------------

Threads class SMR info:
_java_thread_list=0x00007f9f6851d720, length=11, elements={
0x00007f9f68016800, 0x00007f9f682c1000, 0x00007f9f682c5000, 0x00007f9f682e3800,
0x00007f9f682e4800, 0x00007f9f682e7000, 0x00007f9f682e9000, 0x00007f9f682eb000,
0x00007f9f683a4800, 0x00007f9f10076800, 0x00007f9f6851e000
}

Java Threads: ( => current thread )
=>0x00007f9f68016800 JavaThread "main" [_thread_in_native, id=5384, stack(0x00007f9f6f867000,0x00007f9f6f967000)]
  0x00007f9f682c1000 JavaThread "Reference Handler" daemon [_thread_blocked, id=5393, stack(0x00007f9f3966d000,0x00007f9f3976d000)]
  0x00007f9f682c5000 JavaThread "Finalizer" daemon [_thread_blocked, id=5394, stack(0x00007f9f3956d000,0x00007f9f3966d000)]
  0x00007f9f682e3800 JavaThread "Signal Dispatcher" daemon [_thread_blocked, id=5395, stack(0x00007f9f39134000,0x00007f9f39234000)]
  0x00007f9f682e4800 JavaThread "Service Thread" daemon [_thread_blocked, id=5396, stack(0x00007f9f39034000,0x00007f9f39134000)]
  0x00007f9f682e7000 JavaThread "C2 CompilerThread0" daemon [_thread_blocked, id=5397, stack(0x00007f9f38f34000,0x00007f9f39034000)]
  0x00007f9f682e9000 JavaThread "C1 CompilerThread0" daemon [_thread_blocked, id=5398, stack(0x00007f9f38e34000,0x00007f9f38f34000)]
  0x00007f9f682eb000 JavaThread "Sweeper thread" daemon [_thread_blocked, id=5399, stack(0x00007f9f38d34000,0x00007f9f38e34000)]
  0x00007f9f683a4800 JavaThread "Common-Cleaner" daemon [_thread_blocked, id=5400, stack(0x00007f9f38c34000,0x00007f9f38d34000)]
  0x00007f9f10076800 JavaThread "C2 CompilerThread1" daemon [_thread_blocked, id=5401, stack(0x00007f9f38b34000,0x00007f9f38c34000)]
  0x00007f9f6851e000 JavaThread "Monitor Ctrl-Break" daemon [_thread_in_native, id=5404, stack(0x00007f9f38a34000,0x00007f9f38b34000)]

Other Threads:
  0x00007f9f682b9000 VMThread "VM Thread" [stack: 0x00007f9f3976f000,0x00007f9f3986f000] [id=5390]
  0x00007f9f6851f800 WatcherThread [stack: 0x00007f9f38934000,0x00007f9f38a34000] [id=5405]
  0x00007f9f68030000 GCTaskThread "GC Thread#0" [stack: 0x00007f9f6f540000,0x00007f9f6f640000] [id=5385]
  0x00007f9f6806a000 ConcurrentGCThread "G1 Main Marker" [stack: 0x00007f9f6cbf5000,0x00007f9f6ccf5000] [id=5386]
  0x00007f9f6806c000 ConcurrentGCThread "G1 Conc#0" [stack: 0x00007f9f6caf3000,0x00007f9f6cbf3000] [id=5387]
  0x00007f9f681ec800 ConcurrentGCThread "G1 Refine#0" [stack: 0x00007f9f6c1e9000,0x00007f9f6c2e9000] [id=5388]
  0x00007f9f681ee000 ConcurrentGCThread "G1 Young RemSet Sampling" [stack: 0x00007f9f6c0e7000,0x00007f9f6c1e7000] [id=5389]

Threads with active compile tasks:

VM state:not at safepoint (normal execution)

VM Mutex/Monitor currently owned by a thread: None

Heap address: 0x000000060fe00000, size: 7938 MB, Compressed Oops mode: Zero based, Oop shift amount: 3
Narrow klass base: 0x0000000800000000, Narrow klass shift: 0
Compressed class space size: 1073741824 Address: 0x0000000800000000

Heap:
 garbage-first heap   total 509952K, used 4096K [0x000000060fe00000, 0x0000000800000000)
  region size 2048K, 3 young (6144K), 0 survivors (0K)
 Metaspace       used 7537K, capacity 7638K, committed 7936K, reserved 1056768K
  class space    used 626K, capacity 671K, committed 768K, reserved 1048576K
Heap Regions: E=young(eden), S=young(survivor), O=old, HS=humongous(starts), HC=humongous(continues), CS=collection set, F=free, A=archive, TAMS=top-at-mark-start (previous, next)
|   0|0x000000060fe00000, 0x000000060fe00000, 0x0000000610000000|  0%| F|  |TAMS 0x000000060fe00000, 0x000000060fe00000| Untracked 
|   1|0x0000000610000000, 0x0000000610000000, 0x0000000610200000|  0%| F|  |TAMS 0x0000000610000000, 0x0000000610000000| Untracked 
|   2|0x0000000610200000, 0x0000000610200000, 0x0000000610400000|  0%| F|  |TAMS 0x0000000610200000, 0x0000000610200000| Untracked 
|   3|0x0000000610400000, 0x0000000610400000, 0x0000000610600000|  0%| F|  |TAMS 0x0000000610400000, 0x0000000610400000| Untracked 
|   4|0x0000000610600000, 0x0000000610600000, 0x0000000610800000|  0%| F|  |TAMS 0x0000000610600000, 0x0000000610600000| Untracked 
|   5|0x0000000610800000, 0x0000000610800000, 0x0000000610a00000|  0%| F|  |TAMS 0x0000000610800000, 0x0000000610800000| Untracked 
|   6|0x0000000610a00000, 0x0000000610a00000, 0x0000000610c00000|  0%| F|  |TAMS 0x0000000610a00000, 0x0000000610a00000| Untracked 
|   7|0x0000000610c00000, 0x0000000610c00000, 0x0000000610e00000|  0%| F|  |TAMS 0x0000000610c00000, 0x0000000610c00000| Untracked 
|   8|0x0000000610e00000, 0x0000000610e00000, 0x0000000611000000|  0%| F|  |TAMS 0x0000000610e00000, 0x0000000610e00000| Untracked 
|   9|0x0000000611000000, 0x0000000611000000, 0x0000000611200000|  0%| F|  |TAMS 0x0000000611000000, 0x0000000611000000| Untracked 
|  10|0x0000000611200000, 0x0000000611200000, 0x0000000611400000|  0%| F|  |TAMS 0x0000000611200000, 0x0000000611200000| Untracked 
|  11|0x0000000611400000, 0x0000000611400000, 0x0000000611600000|  0%| F|  |TAMS 0x0000000611400000, 0x0000000611400000| Untracked 
|  12|0x0000000611600000, 0x0000000611600000, 0x0000000611800000|  0%| F|  |TAMS 0x0000000611600000, 0x0000000611600000| Untracked 
|  13|0x0000000611800000, 0x0000000611800000, 0x0000000611a00000|  0%| F|  |TAMS 0x0000000611800000, 0x0000000611800000| Untracked 
|  14|0x0000000611a00000, 0x0000000611a00000, 0x0000000611c00000|  0%| F|  |TAMS 0x0000000611a00000, 0x0000000611a00000| Untracked 
|  15|0x0000000611c00000, 0x0000000611c00000, 0x0000000611e00000|  0%| F|  |TAMS 0x0000000611c00000, 0x0000000611c00000| Untracked 
|  16|0x0000000611e00000, 0x0000000611e00000, 0x0000000612000000|  0%| F|  |TAMS 0x0000000611e00000, 0x0000000611e00000| Untracked 
|  17|0x0000000612000000, 0x0000000612000000, 0x0000000612200000|  0%| F|  |TAMS 0x0000000612000000, 0x0000000612000000| Untracked 
|  18|0x0000000612200000, 0x0000000612200000, 0x0000000612400000|  0%| F|  |TAMS 0x0000000612200000, 0x0000000612200000| Untracked 
|  19|0x0000000612400000, 0x0000000612400000, 0x0000000612600000|  0%| F|  |TAMS 0x0000000612400000, 0x0000000612400000| Untracked 
|  20|0x0000000612600000, 0x0000000612600000, 0x0000000612800000|  0%| F|  |TAMS 0x0000000612600000, 0x0000000612600000| Untracked 
|  21|0x0000000612800000, 0x0000000612800000, 0x0000000612a00000|  0%| F|  |TAMS 0x0000000612800000, 0x0000000612800000| Untracked 
|  22|0x0000000612a00000, 0x0000000612a00000, 0x0000000612c00000|  0%| F|  |TAMS 0x0000000612a00000, 0x0000000612a00000| Untracked 
|  23|0x0000000612c00000, 0x0000000612c00000, 0x0000000612e00000|  0%| F|  |TAMS 0x0000000612c00000, 0x0000000612c00000| Untracked 
|  24|0x0000000612e00000, 0x0000000612e00000, 0x0000000613000000|  0%| F|  |TAMS 0x0000000612e00000, 0x0000000612e00000| Untracked 
|  25|0x0000000613000000, 0x0000000613000000, 0x0000000613200000|  0%| F|  |TAMS 0x0000000613000000, 0x0000000613000000| Untracked 
|  26|0x0000000613200000, 0x0000000613200000, 0x0000000613400000|  0%| F|  |TAMS 0x0000000613200000, 0x0000000613200000| Untracked 
|  27|0x0000000613400000, 0x0000000613400000, 0x0000000613600000|  0%| F|  |TAMS 0x0000000613400000, 0x0000000613400000| Untracked 
|  28|0x0000000613600000, 0x0000000613600000, 0x0000000613800000|  0%| F|  |TAMS 0x0000000613600000, 0x0000000613600000| Untracked 
|  29|0x0000000613800000, 0x0000000613800000, 0x0000000613a00000|  0%| F|  |TAMS 0x0000000613800000, 0x0000000613800000| Untracked 
|  30|0x0000000613a00000, 0x0000000613a00000, 0x0000000613c00000|  0%| F|  |TAMS 0x0000000613a00000, 0x0000000613a00000| Untracked 
|  31|0x0000000613c00000, 0x0000000613c00000, 0x0000000613e00000|  0%| F|  |TAMS 0x0000000613c00000, 0x0000000613c00000| Untracked 
|  32|0x0000000613e00000, 0x0000000613e00000, 0x0000000614000000|  0%| F|  |TAMS 0x0000000613e00000, 0x0000000613e00000| Untracked 
|  33|0x0000000614000000, 0x0000000614000000, 0x0000000614200000|  0%| F|  |TAMS 0x0000000614000000, 0x0000000614000000| Untracked 
|  34|0x0000000614200000, 0x0000000614200000, 0x0000000614400000|  0%| F|  |TAMS 0x0000000614200000, 0x0000000614200000| Untracked 
|  35|0x0000000614400000, 0x0000000614400000, 0x0000000614600000|  0%| F|  |TAMS 0x0000000614400000, 0x0000000614400000| Untracked 
|  36|0x0000000614600000, 0x0000000614600000, 0x0000000614800000|  0%| F|  |TAMS 0x0000000614600000, 0x0000000614600000| Untracked 
|  37|0x0000000614800000, 0x0000000614800000, 0x0000000614a00000|  0%| F|  |TAMS 0x0000000614800000, 0x0000000614800000| Untracked 
|  38|0x0000000614a00000, 0x0000000614a00000, 0x0000000614c00000|  0%| F|  |TAMS 0x0000000614a00000, 0x0000000614a00000| Untracked 
|  39|0x0000000614c00000, 0x0000000614c00000, 0x0000000614e00000|  0%| F|  |TAMS 0x0000000614c00000, 0x0000000614c00000| Untracked 
|  40|0x0000000614e00000, 0x0000000614e00000, 0x0000000615000000|  0%| F|  |TAMS 0x0000000614e00000, 0x0000000614e00000| Untracked 
|  41|0x0000000615000000, 0x0000000615000000, 0x0000000615200000|  0%| F|  |TAMS 0x0000000615000000, 0x0000000615000000| Untracked 
|  42|0x0000000615200000, 0x0000000615200000, 0x0000000615400000|  0%| F|  |TAMS 0x0000000615200000, 0x0000000615200000| Untracked 
|  43|0x0000000615400000, 0x0000000615400000, 0x0000000615600000|  0%| F|  |TAMS 0x0000000615400000, 0x0000000615400000| Untracked 
|  44|0x0000000615600000, 0x0000000615600000, 0x0000000615800000|  0%| F|  |TAMS 0x0000000615600000, 0x0000000615600000| Untracked 
|  45|0x0000000615800000, 0x0000000615800000, 0x0000000615a00000|  0%| F|  |TAMS 0x0000000615800000, 0x0000000615800000| Untracked 
|  46|0x0000000615a00000, 0x0000000615a00000, 0x0000000615c00000|  0%| F|  |TAMS 0x0000000615a00000, 0x0000000615a00000| Untracked 
|  47|0x0000000615c00000, 0x0000000615c00000, 0x0000000615e00000|  0%| F|  |TAMS 0x0000000615c00000, 0x0000000615c00000| Untracked 
|  48|0x0000000615e00000, 0x0000000615e00000, 0x0000000616000000|  0%| F|  |TAMS 0x0000000615e00000, 0x0000000615e00000| Untracked 
|  49|0x0000000616000000, 0x0000000616000000, 0x0000000616200000|  0%| F|  |TAMS 0x0000000616000000, 0x0000000616000000| Untracked 
|  50|0x0000000616200000, 0x0000000616200000, 0x0000000616400000|  0%| F|  |TAMS 0x0000000616200000, 0x0000000616200000| Untracked 
|  51|0x0000000616400000, 0x0000000616400000, 0x0000000616600000|  0%| F|  |TAMS 0x0000000616400000, 0x0000000616400000| Untracked 
|  52|0x0000000616600000, 0x0000000616600000, 0x0000000616800000|  0%| F|  |TAMS 0x0000000616600000, 0x0000000616600000| Untracked 
|  53|0x0000000616800000, 0x0000000616800000, 0x0000000616a00000|  0%| F|  |TAMS 0x0000000616800000, 0x0000000616800000| Untracked 
|  54|0x0000000616a00000, 0x0000000616a00000, 0x0000000616c00000|  0%| F|  |TAMS 0x0000000616a00000, 0x0000000616a00000| Untracked 
|  55|0x0000000616c00000, 0x0000000616c00000, 0x0000000616e00000|  0%| F|  |TAMS 0x0000000616c00000, 0x0000000616c00000| Untracked 
|  56|0x0000000616e00000, 0x0000000616e00000, 0x0000000617000000|  0%| F|  |TAMS 0x0000000616e00000, 0x0000000616e00000| Untracked 
|  57|0x0000000617000000, 0x0000000617000000, 0x0000000617200000|  0%| F|  |TAMS 0x0000000617000000, 0x0000000617000000| Untracked 
|  58|0x0000000617200000, 0x0000000617200000, 0x0000000617400000|  0%| F|  |TAMS 0x0000000617200000, 0x0000000617200000| Untracked 
|  59|0x0000000617400000, 0x0000000617400000, 0x0000000617600000|  0%| F|  |TAMS 0x0000000617400000, 0x0000000617400000| Untracked 
|  60|0x0000000617600000, 0x0000000617600000, 0x0000000617800000|  0%| F|  |TAMS 0x0000000617600000, 0x0000000617600000| Untracked 
|  61|0x0000000617800000, 0x0000000617800000, 0x0000000617a00000|  0%| F|  |TAMS 0x0000000617800000, 0x0000000617800000| Untracked 
|  62|0x0000000617a00000, 0x0000000617a00000, 0x0000000617c00000|  0%| F|  |TAMS 0x0000000617a00000, 0x0000000617a00000| Untracked 
|  63|0x0000000617c00000, 0x0000000617c00000, 0x0000000617e00000|  0%| F|  |TAMS 0x0000000617c00000, 0x0000000617c00000| Untracked 
|  64|0x0000000617e00000, 0x0000000617e00000, 0x0000000618000000|  0%| F|  |TAMS 0x0000000617e00000, 0x0000000617e00000| Untracked 
|  65|0x0000000618000000, 0x0000000618000000, 0x0000000618200000|  0%| F|  |TAMS 0x0000000618000000, 0x0000000618000000| Untracked 
|  66|0x0000000618200000, 0x0000000618200000, 0x0000000618400000|  0%| F|  |TAMS 0x0000000618200000, 0x0000000618200000| Untracked 
|  67|0x0000000618400000, 0x0000000618400000, 0x0000000618600000|  0%| F|  |TAMS 0x0000000618400000, 0x0000000618400000| Untracked 
|  68|0x0000000618600000, 0x0000000618600000, 0x0000000618800000|  0%| F|  |TAMS 0x0000000618600000, 0x0000000618600000| Untracked 
|  69|0x0000000618800000, 0x0000000618800000, 0x0000000618a00000|  0%| F|  |TAMS 0x0000000618800000, 0x0000000618800000| Untracked 
|  70|0x0000000618a00000, 0x0000000618a00000, 0x0000000618c00000|  0%| F|  |TAMS 0x0000000618a00000, 0x0000000618a00000| Untracked 
|  71|0x0000000618c00000, 0x0000000618c00000, 0x0000000618e00000|  0%| F|  |TAMS 0x0000000618c00000, 0x0000000618c00000| Untracked 
|  72|0x0000000618e00000, 0x0000000618e00000, 0x0000000619000000|  0%| F|  |TAMS 0x0000000618e00000, 0x0000000618e00000| Untracked 
|  73|0x0000000619000000, 0x0000000619000000, 0x0000000619200000|  0%| F|  |TAMS 0x0000000619000000, 0x0000000619000000| Untracked 
|  74|0x0000000619200000, 0x0000000619200000, 0x0000000619400000|  0%| F|  |TAMS 0x0000000619200000, 0x0000000619200000| Untracked 
|  75|0x0000000619400000, 0x0000000619400000, 0x0000000619600000|  0%| F|  |TAMS 0x0000000619400000, 0x0000000619400000| Untracked 
|  76|0x0000000619600000, 0x0000000619600000, 0x0000000619800000|  0%| F|  |TAMS 0x0000000619600000, 0x0000000619600000| Untracked 
|  77|0x0000000619800000, 0x0000000619800000, 0x0000000619a00000|  0%| F|  |TAMS 0x0000000619800000, 0x0000000619800000| Untracked 
|  78|0x0000000619a00000, 0x0000000619a00000, 0x0000000619c00000|  0%| F|  |TAMS 0x0000000619a00000, 0x0000000619a00000| Untracked 
|  79|0x0000000619c00000, 0x0000000619c00000, 0x0000000619e00000|  0%| F|  |TAMS 0x0000000619c00000, 0x0000000619c00000| Untracked 
|  80|0x0000000619e00000, 0x0000000619e00000, 0x000000061a000000|  0%| F|  |TAMS 0x0000000619e00000, 0x0000000619e00000| Untracked 
|  81|0x000000061a000000, 0x000000061a000000, 0x000000061a200000|  0%| F|  |TAMS 0x000000061a000000, 0x000000061a000000| Untracked 
|  82|0x000000061a200000, 0x000000061a200000, 0x000000061a400000|  0%| F|  |TAMS 0x000000061a200000, 0x000000061a200000| Untracked 
|  83|0x000000061a400000, 0x000000061a400000, 0x000000061a600000|  0%| F|  |TAMS 0x000000061a400000, 0x000000061a400000| Untracked 
|  84|0x000000061a600000, 0x000000061a600000, 0x000000061a800000|  0%| F|  |TAMS 0x000000061a600000, 0x000000061a600000| Untracked 
|  85|0x000000061a800000, 0x000000061a800000, 0x000000061aa00000|  0%| F|  |TAMS 0x000000061a800000, 0x000000061a800000| Untracked 
|  86|0x000000061aa00000, 0x000000061aa00000, 0x000000061ac00000|  0%| F|  |TAMS 0x000000061aa00000, 0x000000061aa00000| Untracked 
|  87|0x000000061ac00000, 0x000000061ac00000, 0x000000061ae00000|  0%| F|  |TAMS 0x000000061ac00000, 0x000000061ac00000| Untracked 
|  88|0x000000061ae00000, 0x000000061ae00000, 0x000000061b000000|  0%| F|  |TAMS 0x000000061ae00000, 0x000000061ae00000| Untracked 
|  89|0x000000061b000000, 0x000000061b000000, 0x000000061b200000|  0%| F|  |TAMS 0x000000061b000000, 0x000000061b000000| Untracked 
|  90|0x000000061b200000, 0x000000061b200000, 0x000000061b400000|  0%| F|  |TAMS 0x000000061b200000, 0x000000061b200000| Untracked 
|  91|0x000000061b400000, 0x000000061b400000, 0x000000061b600000|  0%| F|  |TAMS 0x000000061b400000, 0x000000061b400000| Untracked 
|  92|0x000000061b600000, 0x000000061b600000, 0x000000061b800000|  0%| F|  |TAMS 0x000000061b600000, 0x000000061b600000| Untracked 
|  93|0x000000061b800000, 0x000000061b800000, 0x000000061ba00000|  0%| F|  |TAMS 0x000000061b800000, 0x000000061b800000| Untracked 
|  94|0x000000061ba00000, 0x000000061ba00000, 0x000000061bc00000|  0%| F|  |TAMS 0x000000061ba00000, 0x000000061ba00000| Untracked 
|  95|0x000000061bc00000, 0x000000061bc00000, 0x000000061be00000|  0%| F|  |TAMS 0x000000061bc00000, 0x000000061bc00000| Untracked 
|  96|0x000000061be00000, 0x000000061be00000, 0x000000061c000000|  0%| F|  |TAMS 0x000000061be00000, 0x000000061be00000| Untracked 
|  97|0x000000061c000000, 0x000000061c000000, 0x000000061c200000|  0%| F|  |TAMS 0x000000061c000000, 0x000000061c000000| Untracked 
|  98|0x000000061c200000, 0x000000061c200000, 0x000000061c400000|  0%| F|  |TAMS 0x000000061c200000, 0x000000061c200000| Untracked 
|  99|0x000000061c400000, 0x000000061c400000, 0x000000061c600000|  0%| F|  |TAMS 0x000000061c400000, 0x000000061c400000| Untracked 
| 100|0x000000061c600000, 0x000000061c600000, 0x000000061c800000|  0%| F|  |TAMS 0x000000061c600000, 0x000000061c600000| Untracked 
| 101|0x000000061c800000, 0x000000061c800000, 0x000000061ca00000|  0%| F|  |TAMS 0x000000061c800000, 0x000000061c800000| Untracked 
| 102|0x000000061ca00000, 0x000000061ca00000, 0x000000061cc00000|  0%| F|  |TAMS 0x000000061ca00000, 0x000000061ca00000| Untracked 
| 103|0x000000061cc00000, 0x000000061cc00000, 0x000000061ce00000|  0%| F|  |TAMS 0x000000061cc00000, 0x000000061cc00000| Untracked 
| 104|0x000000061ce00000, 0x000000061ce00000, 0x000000061d000000|  0%| F|  |TAMS 0x000000061ce00000, 0x000000061ce00000| Untracked 
| 105|0x000000061d000000, 0x000000061d000000, 0x000000061d200000|  0%| F|  |TAMS 0x000000061d000000, 0x000000061d000000| Untracked 
| 106|0x000000061d200000, 0x000000061d200000, 0x000000061d400000|  0%| F|  |TAMS 0x000000061d200000, 0x000000061d200000| Untracked 
| 107|0x000000061d400000, 0x000000061d400000, 0x000000061d600000|  0%| F|  |TAMS 0x000000061d400000, 0x000000061d400000| Untracked 
| 108|0x000000061d600000, 0x000000061d600000, 0x000000061d800000|  0%| F|  |TAMS 0x000000061d600000, 0x000000061d600000| Untracked 
| 109|0x000000061d800000, 0x000000061d800000, 0x000000061da00000|  0%| F|  |TAMS 0x000000061d800000, 0x000000061d800000| Untracked 
| 110|0x000000061da00000, 0x000000061da00000, 0x000000061dc00000|  0%| F|  |TAMS 0x000000061da00000, 0x000000061da00000| Untracked 
| 111|0x000000061dc00000, 0x000000061dc00000, 0x000000061de00000|  0%| F|  |TAMS 0x000000061dc00000, 0x000000061dc00000| Untracked 
| 112|0x000000061de00000, 0x000000061de00000, 0x000000061e000000|  0%| F|  |TAMS 0x000000061de00000, 0x000000061de00000| Untracked 
| 113|0x000000061e000000, 0x000000061e000000, 0x000000061e200000|  0%| F|  |TAMS 0x000000061e000000, 0x000000061e000000| Untracked 
| 114|0x000000061e200000, 0x000000061e200000, 0x000000061e400000|  0%| F|  |TAMS 0x000000061e200000, 0x000000061e200000| Untracked 
| 115|0x000000061e400000, 0x000000061e400000, 0x000000061e600000|  0%| F|  |TAMS 0x000000061e400000, 0x000000061e400000| Untracked 
| 116|0x000000061e600000, 0x000000061e600000, 0x000000061e800000|  0%| F|  |TAMS 0x000000061e600000, 0x000000061e600000| Untracked 
| 117|0x000000061e800000, 0x000000061e800000, 0x000000061ea00000|  0%| F|  |TAMS 0x000000061e800000, 0x000000061e800000| Untracked 
| 118|0x000000061ea00000, 0x000000061ea00000, 0x000000061ec00000|  0%| F|  |TAMS 0x000000061ea00000, 0x000000061ea00000| Untracked 
| 119|0x000000061ec00000, 0x000000061ec00000, 0x000000061ee00000|  0%| F|  |TAMS 0x000000061ec00000, 0x000000061ec00000| Untracked 
| 120|0x000000061ee00000, 0x000000061ee00000, 0x000000061f000000|  0%| F|  |TAMS 0x000000061ee00000, 0x000000061ee00000| Untracked 
| 121|0x000000061f000000, 0x000000061f000000, 0x000000061f200000|  0%| F|  |TAMS 0x000000061f000000, 0x000000061f000000| Untracked 
| 122|0x000000061f200000, 0x000000061f200000, 0x000000061f400000|  0%| F|  |TAMS 0x000000061f200000, 0x000000061f200000| Untracked 
| 123|0x000000061f400000, 0x000000061f400000, 0x000000061f600000|  0%| F|  |TAMS 0x000000061f400000, 0x000000061f400000| Untracked 
| 124|0x000000061f600000, 0x000000061f600000, 0x000000061f800000|  0%| F|  |TAMS 0x000000061f600000, 0x000000061f600000| Untracked 
| 125|0x000000061f800000, 0x000000061f800000, 0x000000061fa00000|  0%| F|  |TAMS 0x000000061f800000, 0x000000061f800000| Untracked 
| 126|0x000000061fa00000, 0x000000061fa00000, 0x000000061fc00000|  0%| F|  |TAMS 0x000000061fa00000, 0x000000061fa00000| Untracked 
| 127|0x000000061fc00000, 0x000000061fc00000, 0x000000061fe00000|  0%| F|  |TAMS 0x000000061fc00000, 0x000000061fc00000| Untracked 
| 128|0x000000061fe00000, 0x000000061fe00000, 0x0000000620000000|  0%| F|  |TAMS 0x000000061fe00000, 0x000000061fe00000| Untracked 
| 129|0x0000000620000000, 0x0000000620000000, 0x0000000620200000|  0%| F|  |TAMS 0x0000000620000000, 0x0000000620000000| Untracked 
| 130|0x0000000620200000, 0x0000000620200000, 0x0000000620400000|  0%| F|  |TAMS 0x0000000620200000, 0x0000000620200000| Untracked 
| 131|0x0000000620400000, 0x0000000620400000, 0x0000000620600000|  0%| F|  |TAMS 0x0000000620400000, 0x0000000620400000| Untracked 
| 132|0x0000000620600000, 0x0000000620600000, 0x0000000620800000|  0%| F|  |TAMS 0x0000000620600000, 0x0000000620600000| Untracked 
| 133|0x0000000620800000, 0x0000000620800000, 0x0000000620a00000|  0%| F|  |TAMS 0x0000000620800000, 0x0000000620800000| Untracked 
| 134|0x0000000620a00000, 0x0000000620a00000, 0x0000000620c00000|  0%| F|  |TAMS 0x0000000620a00000, 0x0000000620a00000| Untracked 
| 135|0x0000000620c00000, 0x0000000620c00000, 0x0000000620e00000|  0%| F|  |TAMS 0x0000000620c00000, 0x0000000620c00000| Untracked 
| 136|0x0000000620e00000, 0x0000000620e00000, 0x0000000621000000|  0%| F|  |TAMS 0x0000000620e00000, 0x0000000620e00000| Untracked 
| 137|0x0000000621000000, 0x0000000621000000, 0x0000000621200000|  0%| F|  |TAMS 0x0000000621000000, 0x0000000621000000| Untracked 
| 138|0x0000000621200000, 0x0000000621200000, 0x0000000621400000|  0%| F|  |TAMS 0x0000000621200000, 0x0000000621200000| Untracked 
| 139|0x0000000621400000, 0x0000000621400000, 0x0000000621600000|  0%| F|  |TAMS 0x0000000621400000, 0x0000000621400000| Untracked 
| 140|0x0000000621600000, 0x0000000621600000, 0x0000000621800000|  0%| F|  |TAMS 0x0000000621600000, 0x0000000621600000| Untracked 
| 141|0x0000000621800000, 0x0000000621800000, 0x0000000621a00000|  0%| F|  |TAMS 0x0000000621800000, 0x0000000621800000| Untracked 
| 142|0x0000000621a00000, 0x0000000621a00000, 0x0000000621c00000|  0%| F|  |TAMS 0x0000000621a00000, 0x0000000621a00000| Untracked 
| 143|0x0000000621c00000, 0x0000000621c00000, 0x0000000621e00000|  0%| F|  |TAMS 0x0000000621c00000, 0x0000000621c00000| Untracked 
| 144|0x0000000621e00000, 0x0000000621e00000, 0x0000000622000000|  0%| F|  |TAMS 0x0000000621e00000, 0x0000000621e00000| Untracked 
| 145|0x0000000622000000, 0x0000000622000000, 0x0000000622200000|  0%| F|  |TAMS 0x0000000622000000, 0x0000000622000000| Untracked 
| 146|0x0000000622200000, 0x0000000622200000, 0x0000000622400000|  0%| F|  |TAMS 0x0000000622200000, 0x0000000622200000| Untracked 
| 147|0x0000000622400000, 0x0000000622400000, 0x0000000622600000|  0%| F|  |TAMS 0x0000000622400000, 0x0000000622400000| Untracked 
| 148|0x0000000622600000, 0x0000000622600000, 0x0000000622800000|  0%| F|  |TAMS 0x0000000622600000, 0x0000000622600000| Untracked 
| 149|0x0000000622800000, 0x0000000622800000, 0x0000000622a00000|  0%| F|  |TAMS 0x0000000622800000, 0x0000000622800000| Untracked 
| 150|0x0000000622a00000, 0x0000000622a00000, 0x0000000622c00000|  0%| F|  |TAMS 0x0000000622a00000, 0x0000000622a00000| Untracked 
| 151|0x0000000622c00000, 0x0000000622c00000, 0x0000000622e00000|  0%| F|  |TAMS 0x0000000622c00000, 0x0000000622c00000| Untracked 
| 152|0x0000000622e00000, 0x0000000622e00000, 0x0000000623000000|  0%| F|  |TAMS 0x0000000622e00000, 0x0000000622e00000| Untracked 
| 153|0x0000000623000000, 0x0000000623000000, 0x0000000623200000|  0%| F|  |TAMS 0x0000000623000000, 0x0000000623000000| Untracked 
| 154|0x0000000623200000, 0x0000000623200000, 0x0000000623400000|  0%| F|  |TAMS 0x0000000623200000, 0x0000000623200000| Untracked 
| 155|0x0000000623400000, 0x0000000623400000, 0x0000000623600000|  0%| F|  |TAMS 0x0000000623400000, 0x0000000623400000| Untracked 
| 156|0x0000000623600000, 0x0000000623600000, 0x0000000623800000|  0%| F|  |TAMS 0x0000000623600000, 0x0000000623600000| Untracked 
| 157|0x0000000623800000, 0x0000000623800000, 0x0000000623a00000|  0%| F|  |TAMS 0x0000000623800000, 0x0000000623800000| Untracked 
| 158|0x0000000623a00000, 0x0000000623a00000, 0x0000000623c00000|  0%| F|  |TAMS 0x0000000623a00000, 0x0000000623a00000| Untracked 
| 159|0x0000000623c00000, 0x0000000623c00000, 0x0000000623e00000|  0%| F|  |TAMS 0x0000000623c00000, 0x0000000623c00000| Untracked 
| 160|0x0000000623e00000, 0x0000000623e00000, 0x0000000624000000|  0%| F|  |TAMS 0x0000000623e00000, 0x0000000623e00000| Untracked 
| 161|0x0000000624000000, 0x0000000624000000, 0x0000000624200000|  0%| F|  |TAMS 0x0000000624000000, 0x0000000624000000| Untracked 
| 162|0x0000000624200000, 0x0000000624200000, 0x0000000624400000|  0%| F|  |TAMS 0x0000000624200000, 0x0000000624200000| Untracked 
| 163|0x0000000624400000, 0x0000000624400000, 0x0000000624600000|  0%| F|  |TAMS 0x0000000624400000, 0x0000000624400000| Untracked 
| 164|0x0000000624600000, 0x0000000624600000, 0x0000000624800000|  0%| F|  |TAMS 0x0000000624600000, 0x0000000624600000| Untracked 
| 165|0x0000000624800000, 0x0000000624800000, 0x0000000624a00000|  0%| F|  |TAMS 0x0000000624800000, 0x0000000624800000| Untracked 
| 166|0x0000000624a00000, 0x0000000624a00000, 0x0000000624c00000|  0%| F|  |TAMS 0x0000000624a00000, 0x0000000624a00000| Untracked 
| 167|0x0000000624c00000, 0x0000000624c00000, 0x0000000624e00000|  0%| F|  |TAMS 0x0000000624c00000, 0x0000000624c00000| Untracked 
| 168|0x0000000624e00000, 0x0000000624e00000, 0x0000000625000000|  0%| F|  |TAMS 0x0000000624e00000, 0x0000000624e00000| Untracked 
| 169|0x0000000625000000, 0x0000000625000000, 0x0000000625200000|  0%| F|  |TAMS 0x0000000625000000, 0x0000000625000000| Untracked 
| 170|0x0000000625200000, 0x0000000625200000, 0x0000000625400000|  0%| F|  |TAMS 0x0000000625200000, 0x0000000625200000| Untracked 
| 171|0x0000000625400000, 0x0000000625400000, 0x0000000625600000|  0%| F|  |TAMS 0x0000000625400000, 0x0000000625400000| Untracked 
| 172|0x0000000625600000, 0x0000000625600000, 0x0000000625800000|  0%| F|  |TAMS 0x0000000625600000, 0x0000000625600000| Untracked 
| 173|0x0000000625800000, 0x0000000625800000, 0x0000000625a00000|  0%| F|  |TAMS 0x0000000625800000, 0x0000000625800000| Untracked 
| 174|0x0000000625a00000, 0x0000000625a00000, 0x0000000625c00000|  0%| F|  |TAMS 0x0000000625a00000, 0x0000000625a00000| Untracked 
| 175|0x0000000625c00000, 0x0000000625c00000, 0x0000000625e00000|  0%| F|  |TAMS 0x0000000625c00000, 0x0000000625c00000| Untracked 
| 176|0x0000000625e00000, 0x0000000625e00000, 0x0000000626000000|  0%| F|  |TAMS 0x0000000625e00000, 0x0000000625e00000| Untracked 
| 177|0x0000000626000000, 0x0000000626000000, 0x0000000626200000|  0%| F|  |TAMS 0x0000000626000000, 0x0000000626000000| Untracked 
| 178|0x0000000626200000, 0x0000000626200000, 0x0000000626400000|  0%| F|  |TAMS 0x0000000626200000, 0x0000000626200000| Untracked 
| 179|0x0000000626400000, 0x0000000626400000, 0x0000000626600000|  0%| F|  |TAMS 0x0000000626400000, 0x0000000626400000| Untracked 
| 180|0x0000000626600000, 0x0000000626600000, 0x0000000626800000|  0%| F|  |TAMS 0x0000000626600000, 0x0000000626600000| Untracked 
| 181|0x0000000626800000, 0x0000000626800000, 0x0000000626a00000|  0%| F|  |TAMS 0x0000000626800000, 0x0000000626800000| Untracked 
| 182|0x0000000626a00000, 0x0000000626a00000, 0x0000000626c00000|  0%| F|  |TAMS 0x0000000626a00000, 0x0000000626a00000| Untracked 
| 183|0x0000000626c00000, 0x0000000626c00000, 0x0000000626e00000|  0%| F|  |TAMS 0x0000000626c00000, 0x0000000626c00000| Untracked 
| 184|0x0000000626e00000, 0x0000000626e00000, 0x0000000627000000|  0%| F|  |TAMS 0x0000000626e00000, 0x0000000626e00000| Untracked 
| 185|0x0000000627000000, 0x0000000627000000, 0x0000000627200000|  0%| F|  |TAMS 0x0000000627000000, 0x0000000627000000| Untracked 
| 186|0x0000000627200000, 0x0000000627200000, 0x0000000627400000|  0%| F|  |TAMS 0x0000000627200000, 0x0000000627200000| Untracked 
| 187|0x0000000627400000, 0x0000000627400000, 0x0000000627600000|  0%| F|  |TAMS 0x0000000627400000, 0x0000000627400000| Untracked 
| 188|0x0000000627600000, 0x0000000627600000, 0x0000000627800000|  0%| F|  |TAMS 0x0000000627600000, 0x0000000627600000| Untracked 
| 189|0x0000000627800000, 0x0000000627800000, 0x0000000627a00000|  0%| F|  |TAMS 0x0000000627800000, 0x0000000627800000| Untracked 
| 190|0x0000000627a00000, 0x0000000627a00000, 0x0000000627c00000|  0%| F|  |TAMS 0x0000000627a00000, 0x0000000627a00000| Untracked 
| 191|0x0000000627c00000, 0x0000000627c00000, 0x0000000627e00000|  0%| F|  |TAMS 0x0000000627c00000, 0x0000000627c00000| Untracked 
| 192|0x0000000627e00000, 0x0000000627e00000, 0x0000000628000000|  0%| F|  |TAMS 0x0000000627e00000, 0x0000000627e00000| Untracked 
| 193|0x0000000628000000, 0x0000000628000000, 0x0000000628200000|  0%| F|  |TAMS 0x0000000628000000, 0x0000000628000000| Untracked 
| 194|0x0000000628200000, 0x0000000628200000, 0x0000000628400000|  0%| F|  |TAMS 0x0000000628200000, 0x0000000628200000| Untracked 
| 195|0x0000000628400000, 0x0000000628400000, 0x0000000628600000|  0%| F|  |TAMS 0x0000000628400000, 0x0000000628400000| Untracked 
| 196|0x0000000628600000, 0x0000000628600000, 0x0000000628800000|  0%| F|  |TAMS 0x0000000628600000, 0x0000000628600000| Untracked 
| 197|0x0000000628800000, 0x0000000628800000, 0x0000000628a00000|  0%| F|  |TAMS 0x0000000628800000, 0x0000000628800000| Untracked 
| 198|0x0000000628a00000, 0x0000000628a00000, 0x0000000628c00000|  0%| F|  |TAMS 0x0000000628a00000, 0x0000000628a00000| Untracked 
| 199|0x0000000628c00000, 0x0000000628c00000, 0x0000000628e00000|  0%| F|  |TAMS 0x0000000628c00000, 0x0000000628c00000| Untracked 
| 200|0x0000000628e00000, 0x0000000628e00000, 0x0000000629000000|  0%| F|  |TAMS 0x0000000628e00000, 0x0000000628e00000| Untracked 
| 201|0x0000000629000000, 0x0000000629000000, 0x0000000629200000|  0%| F|  |TAMS 0x0000000629000000, 0x0000000629000000| Untracked 
| 202|0x0000000629200000, 0x0000000629200000, 0x0000000629400000|  0%| F|  |TAMS 0x0000000629200000, 0x0000000629200000| Untracked 
| 203|0x0000000629400000, 0x0000000629400000, 0x0000000629600000|  0%| F|  |TAMS 0x0000000629400000, 0x0000000629400000| Untracked 
| 204|0x0000000629600000, 0x0000000629600000, 0x0000000629800000|  0%| F|  |TAMS 0x0000000629600000, 0x0000000629600000| Untracked 
| 205|0x0000000629800000, 0x0000000629800000, 0x0000000629a00000|  0%| F|  |TAMS 0x0000000629800000, 0x0000000629800000| Untracked 
| 206|0x0000000629a00000, 0x0000000629a00000, 0x0000000629c00000|  0%| F|  |TAMS 0x0000000629a00000, 0x0000000629a00000| Untracked 
| 207|0x0000000629c00000, 0x0000000629c00000, 0x0000000629e00000|  0%| F|  |TAMS 0x0000000629c00000, 0x0000000629c00000| Untracked 
| 208|0x0000000629e00000, 0x0000000629e00000, 0x000000062a000000|  0%| F|  |TAMS 0x0000000629e00000, 0x0000000629e00000| Untracked 
| 209|0x000000062a000000, 0x000000062a000000, 0x000000062a200000|  0%| F|  |TAMS 0x000000062a000000, 0x000000062a000000| Untracked 
| 210|0x000000062a200000, 0x000000062a200000, 0x000000062a400000|  0%| F|  |TAMS 0x000000062a200000, 0x000000062a200000| Untracked 
| 211|0x000000062a400000, 0x000000062a400000, 0x000000062a600000|  0%| F|  |TAMS 0x000000062a400000, 0x000000062a400000| Untracked 
| 212|0x000000062a600000, 0x000000062a600000, 0x000000062a800000|  0%| F|  |TAMS 0x000000062a600000, 0x000000062a600000| Untracked 
| 213|0x000000062a800000, 0x000000062a800000, 0x000000062aa00000|  0%| F|  |TAMS 0x000000062a800000, 0x000000062a800000| Untracked 
| 214|0x000000062aa00000, 0x000000062aa00000, 0x000000062ac00000|  0%| F|  |TAMS 0x000000062aa00000, 0x000000062aa00000| Untracked 
| 215|0x000000062ac00000, 0x000000062ac00000, 0x000000062ae00000|  0%| F|  |TAMS 0x000000062ac00000, 0x000000062ac00000| Untracked 
| 216|0x000000062ae00000, 0x000000062ae00000, 0x000000062b000000|  0%| F|  |TAMS 0x000000062ae00000, 0x000000062ae00000| Untracked 
| 217|0x000000062b000000, 0x000000062b000000, 0x000000062b200000|  0%| F|  |TAMS 0x000000062b000000, 0x000000062b000000| Untracked 
| 218|0x000000062b200000, 0x000000062b200000, 0x000000062b400000|  0%| F|  |TAMS 0x000000062b200000, 0x000000062b200000| Untracked 
| 219|0x000000062b400000, 0x000000062b400000, 0x000000062b600000|  0%| F|  |TAMS 0x000000062b400000, 0x000000062b400000| Untracked 
| 220|0x000000062b600000, 0x000000062b600000, 0x000000062b800000|  0%| F|  |TAMS 0x000000062b600000, 0x000000062b600000| Untracked 
| 221|0x000000062b800000, 0x000000062b800000, 0x000000062ba00000|  0%| F|  |TAMS 0x000000062b800000, 0x000000062b800000| Untracked 
| 222|0x000000062ba00000, 0x000000062ba00000, 0x000000062bc00000|  0%| F|  |TAMS 0x000000062ba00000, 0x000000062ba00000| Untracked 
| 223|0x000000062bc00000, 0x000000062bc00000, 0x000000062be00000|  0%| F|  |TAMS 0x000000062bc00000, 0x000000062bc00000| Untracked 
| 224|0x000000062be00000, 0x000000062be00000, 0x000000062c000000|  0%| F|  |TAMS 0x000000062be00000, 0x000000062be00000| Untracked 
| 225|0x000000062c000000, 0x000000062c000000, 0x000000062c200000|  0%| F|  |TAMS 0x000000062c000000, 0x000000062c000000| Untracked 
| 226|0x000000062c200000, 0x000000062c200000, 0x000000062c400000|  0%| F|  |TAMS 0x000000062c200000, 0x000000062c200000| Untracked 
| 227|0x000000062c400000, 0x000000062c400000, 0x000000062c600000|  0%| F|  |TAMS 0x000000062c400000, 0x000000062c400000| Untracked 
| 228|0x000000062c600000, 0x000000062c600000, 0x000000062c800000|  0%| F|  |TAMS 0x000000062c600000, 0x000000062c600000| Untracked 
| 229|0x000000062c800000, 0x000000062c800000, 0x000000062ca00000|  0%| F|  |TAMS 0x000000062c800000, 0x000000062c800000| Untracked 
| 230|0x000000062ca00000, 0x000000062ca00000, 0x000000062cc00000|  0%| F|  |TAMS 0x000000062ca00000, 0x000000062ca00000| Untracked 
| 231|0x000000062cc00000, 0x000000062cc00000, 0x000000062ce00000|  0%| F|  |TAMS 0x000000062cc00000, 0x000000062cc00000| Untracked 
| 232|0x000000062ce00000, 0x000000062ce00000, 0x000000062d000000|  0%| F|  |TAMS 0x000000062ce00000, 0x000000062ce00000| Untracked 
| 233|0x000000062d000000, 0x000000062d000000, 0x000000062d200000|  0%| F|  |TAMS 0x000000062d000000, 0x000000062d000000| Untracked 
| 234|0x000000062d200000, 0x000000062d200000, 0x000000062d400000|  0%| F|  |TAMS 0x000000062d200000, 0x000000062d200000| Untracked 
| 235|0x000000062d400000, 0x000000062d400000, 0x000000062d600000|  0%| F|  |TAMS 0x000000062d400000, 0x000000062d400000| Untracked 
| 236|0x000000062d600000, 0x000000062d600000, 0x000000062d800000|  0%| F|  |TAMS 0x000000062d600000, 0x000000062d600000| Untracked 
| 237|0x000000062d800000, 0x000000062d800000, 0x000000062da00000|  0%| F|  |TAMS 0x000000062d800000, 0x000000062d800000| Untracked 
| 238|0x000000062da00000, 0x000000062da00000, 0x000000062dc00000|  0%| F|  |TAMS 0x000000062da00000, 0x000000062da00000| Untracked 
| 239|0x000000062dc00000, 0x000000062dc00000, 0x000000062de00000|  0%| F|  |TAMS 0x000000062dc00000, 0x000000062dc00000| Untracked 
| 240|0x000000062de00000, 0x000000062de00000, 0x000000062e000000|  0%| F|  |TAMS 0x000000062de00000, 0x000000062de00000| Untracked 
| 241|0x000000062e000000, 0x000000062e000000, 0x000000062e200000|  0%| F|  |TAMS 0x000000062e000000, 0x000000062e000000| Untracked 
| 242|0x000000062e200000, 0x000000062e200000, 0x000000062e400000|  0%| F|  |TAMS 0x000000062e200000, 0x000000062e200000| Untracked 
| 243|0x000000062e400000, 0x000000062e400000, 0x000000062e600000|  0%| F|  |TAMS 0x000000062e400000, 0x000000062e400000| Untracked 
| 244|0x000000062e600000, 0x000000062e600000, 0x000000062e800000|  0%| F|  |TAMS 0x000000062e600000, 0x000000062e600000| Untracked 
| 245|0x000000062e800000, 0x000000062e800000, 0x000000062ea00000|  0%| F|  |TAMS 0x000000062e800000, 0x000000062e800000| Untracked 
| 246|0x000000062ea00000, 0x000000062ea8bf90, 0x000000062ec00000| 27%| E|  |TAMS 0x000000062ea00000, 0x000000062ea00000| Complete 
| 247|0x000000062ec00000, 0x000000062ee00000, 0x000000062ee00000|100%| E|CS|TAMS 0x000000062ec00000, 0x000000062ec00000| Complete 
| 248|0x000000062ee00000, 0x000000062f000000, 0x000000062f000000|100%| E|CS|TAMS 0x000000062ee00000, 0x000000062ee00000| Complete 

Card table byte_map: [0x00007f9f6cdf5000,0x00007f9f6dd76000] _byte_map_base: 0x00007f9f69d76000

Marking Bits (Prev, Next): (CMBitMap*) 0x00007f9f68059c58, (CMBitMap*) 0x00007f9f68059c90
 Prev Bits: [0x00007f9f43477000, 0x00007f9f4b07f000)
 Next Bits: [0x00007f9f3b86f000, 0x00007f9f43477000)

Polling page: 0x00007f9f711e7000

Metaspace:

Usage:
  Non-class:      6.80 MB capacity,     6.75 MB (>99%) used,    51.69 KB ( <1%) free+waste,     4.75 KB ( <1%) overhead. 
      Class:    671.00 KB capacity,   626.72 KB ( 93%) used,    42.28 KB (  6%) free+waste,     2.00 KB ( <1%) overhead. 
       Both:      7.46 MB capacity,     7.36 MB ( 99%) used,    93.97 KB (  1%) free+waste,     6.75 KB ( <1%) overhead. 

Virtual space:
  Non-class space:        8.00 MB reserved,       7.00 MB ( 88%) committed 
      Class space:        1.00 GB reserved,     768.00 KB ( <1%) committed 
             Both:        1.01 GB reserved,       7.75 MB ( <1%) committed 

Chunk freelists:
   Non-Class:  29.00 KB
       Class:  1.00 KB
        Both:  30.00 KB

MaxMetaspaceSize: unlimited
CompressedClassSpaceSize: 1.00 GB
Initial GC threshold: 20.80 MB
Current GC threshold: 20.80 MB
CDS: off

CodeHeap 'non-profiled nmethods': size=120032Kb used=98Kb max_used=98Kb free=119933Kb
 bounds [0x00007f9f582f3000, 0x00007f9f58563000, 0x00007f9f5f82b000]
CodeHeap 'profiled nmethods': size=120028Kb used=449Kb max_used=449Kb free=119578Kb
 bounds [0x00007f9f50dbc000, 0x00007f9f5102c000, 0x00007f9f582f3000]
CodeHeap 'non-nmethods': size=5700Kb used=1261Kb max_used=1273Kb free=4438Kb
 bounds [0x00007f9f5082b000, 0x00007f9f50a9b000, 0x00007f9f50dbc000]
 total_blobs=915 nmethods=356 adapters=473
 compilation: enabled
              stopped_count=0, restarted_count=0
 full_count=0

Compilation events (20 events):
Event: 0.236 Thread 0x00007f9f682e9000  346       1       java.net.URL::getRef (5 bytes)
Event: 0.236 Thread 0x00007f9f682e9000 nmethod 346 0x00007f9f5830a290 code [0x00007f9f5830a440, 0x00007f9f5830a4f0]
Event: 0.242 Thread 0x00007f9f10076800  349       4       java.util.HashMap::hash (20 bytes)
Event: 0.242 Thread 0x00007f9f682e9000  350       3       java.io.UnixFileSystem::normalize (75 bytes)
Event: 0.243 Thread 0x00007f9f682e9000 nmethod 350 0x00007f9f50e2b110 code [0x00007f9f50e2b360, 0x00007f9f50e2bc90]
Event: 0.243 Thread 0x00007f9f682e9000  348       3       java.lang.Class::getName (18 bytes)
Event: 0.243 Thread 0x00007f9f682e9000 nmethod 348 0x00007f9f50e2c090 code [0x00007f9f50e2c240, 0x00007f9f50e2c3c0]
Event: 0.243 Thread 0x00007f9f682e9000  353       1       java.security.ProtectionDomain::getCodeSource (5 bytes)
Event: 0.243 Thread 0x00007f9f682e9000 nmethod 353 0x00007f9f5830a590 code [0x00007f9f5830a740, 0x00007f9f5830a7f0]
Event: 0.243 Thread 0x00007f9f682e9000  351       1       java.net.URL::getPort (5 bytes)
Event: 0.243 Thread 0x00007f9f682e9000 nmethod 351 0x00007f9f5830a890 code [0x00007f9f5830aa40, 0x00007f9f5830aaf0]
Event: 0.243 Thread 0x00007f9f682e9000  352       1       java.net.URL::getPath (5 bytes)
Event: 0.243 Thread 0x00007f9f682e9000 nmethod 352 0x00007f9f5830ab90 code [0x00007f9f5830ad40, 0x00007f9f5830adf0]
Event: 0.243 Thread 0x00007f9f682e9000  354       1       java.net.URL::getAuthority (5 bytes)
Event: 0.243 Thread 0x00007f9f682e9000 nmethod 354 0x00007f9f5830ae90 code [0x00007f9f5830b040, 0x00007f9f5830b0f0]
Event: 0.243 Thread 0x00007f9f682e9000  355       1       java.net.URL::getQuery (5 bytes)
Event: 0.243 Thread 0x00007f9f682e9000 nmethod 355 0x00007f9f5830b190 code [0x00007f9f5830b340, 0x00007f9f5830b3f0]
Event: 0.243 Thread 0x00007f9f682e9000  356       1       jdk.internal.loader.URLClassPath$Loader::getBaseURL (5 bytes)
Event: 0.243 Thread 0x00007f9f682e9000 nmethod 356 0x00007f9f5830b490 code [0x00007f9f5830b640, 0x00007f9f5830b6f0]
Event: 0.243 Thread 0x00007f9f10076800 nmethod 349 0x00007f9f5830b790 code [0x00007f9f5830b920, 0x00007f9f5830b9f8]

GC Heap History (0 events):
No events

Deoptimization events (0 events):
No events

Classes redefined (0 events):
No events

Internal exceptions (1 events):
Event: 0.185 Thread 0x00007f9f68016800 Exception <a 'sun/nio/fs/UnixException'{0x000000062ea15958}> (0x000000062ea15958) thrown at [src/hotspot/share/prims/jni.cpp, line 617]

Events (20 events):
Event: 0.239 loading class imgui/callback/ImPlatformFuncViewportSuppBoolean
Event: 0.239 loading class imgui/callback/ImPlatformFuncViewportSuppBoolean done
Event: 0.240 loading class imgui/callback/ImPlatformFuncViewportSuppFloat
Event: 0.240 loading class imgui/callback/ImPlatformFuncViewportSuppFloat done
Event: 0.240 loading class imgui/extension/imguifiledialog/callback/ImGuiFileDialogPaneFun
Event: 0.240 loading class imgui/extension/imguifiledialog/callback/ImGuiFileDialogPaneFun done
Event: 0.240 loading class imgui/type/ImString$InputData
Event: 0.240 loading class imgui/type/ImString$InputData done
Event: 0.241 loading class imgui/type/ImString
Event: 0.241 loading class imgui/type/ImString done
Event: 0.241 loading class imgui/extension/implot/ImPlotContext
Event: 0.241 loading class imgui/extension/implot/ImPlotContext done
Event: 0.242 loading class imgui/extension/implot/ImPlotPoint
Event: 0.242 loading class imgui/extension/implot/ImPlotPoint done
Event: 0.242 loading class imgui/extension/implot/ImPlotLimits
Event: 0.242 loading class imgui/extension/implot/ImPlotLimits done
Event: 0.242 loading class imgui/extension/implot/ImPlotStyle
Event: 0.242 loading class imgui/extension/implot/ImPlotStyle done
Event: 0.244 loading class imgui/internal/ImGui
Event: 0.244 loading class imgui/internal/ImGui done


Dynamic libraries:
60fe00000-62f000000 rw-p 00000000 00:00 0 
62f000000-800000000 ---p 00000000 00:00 0 
800000000-8000c0000 rw-p 00000000 00:00 0 
8000c0000-840000000 ---p 00000000 00:00 0 
555bac864000-555bac865000 r--p 00000000 103:02 13107455                  /usr/lib/jvm/java-11-openjdk/bin/java
555bac865000-555bac866000 r-xp 00001000 103:02 13107455                  /usr/lib/jvm/java-11-openjdk/bin/java
555bac866000-555bac867000 r--p 00002000 103:02 13107455                  /usr/lib/jvm/java-11-openjdk/bin/java
555bac867000-555bac868000 r--p 00002000 103:02 13107455                  /usr/lib/jvm/java-11-openjdk/bin/java
555bac868000-555bac869000 rw-p 00003000 103:02 13107455                  /usr/lib/jvm/java-11-openjdk/bin/java
555badadf000-555badb00000 rw-p 00000000 00:00 0                          [heap]
7f9ef4000000-7f9ef4021000 rw-p 00000000 00:00 0 
7f9ef4021000-7f9ef8000000 ---p 00000000 00:00 0 
7f9efb282000-7f9efb31c000 r--p 00000000 00:20 174                        /tmp/imgui-java-natives_1648221207795/libimgui-java64.so
7f9efb31c000-7f9efb733000 r-xp 0009a000 00:20 174                        /tmp/imgui-java-natives_1648221207795/libimgui-java64.so
7f9efb733000-7f9efb7be000 r--p 004b1000 00:20 174                        /tmp/imgui-java-natives_1648221207795/libimgui-java64.so
7f9efb7be000-7f9efb7bf000 ---p 0053c000 00:20 174                        /tmp/imgui-java-natives_1648221207795/libimgui-java64.so
7f9efb7bf000-7f9efb7c4000 r--p 0053c000 00:20 174                        /tmp/imgui-java-natives_1648221207795/libimgui-java64.so
7f9efb7c4000-7f9efb7d0000 rw-p 00541000 00:20 174                        /tmp/imgui-java-natives_1648221207795/libimgui-java64.so
7f9efb7d0000-7f9efc000000 rw-p 00000000 00:00 0 
7f9efc000000-7f9efc05c000 rw-p 00000000 00:00 0 
7f9efc05c000-7f9f00000000 ---p 00000000 00:00 0 
7f9f00000000-7f9f00021000 rw-p 00000000 00:00 0 
7f9f00021000-7f9f04000000 ---p 00000000 00:00 0 
7f9f04000000-7f9f04021000 rw-p 00000000 00:00 0 
7f9f04021000-7f9f08000000 ---p 00000000 00:00 0 
7f9f08000000-7f9f08021000 rw-p 00000000 00:00 0 
7f9f08021000-7f9f0c000000 ---p 00000000 00:00 0 
7f9f0c000000-7f9f0c1af000 rw-p 00000000 00:00 0 
7f9f0c1af000-7f9f10000000 ---p 00000000 00:00 0 
7f9f10000000-7f9f100b8000 rw-p 00000000 00:00 0 
7f9f100b8000-7f9f14000000 ---p 00000000 00:00 0 
7f9f14000000-7f9f14021000 rw-p 00000000 00:00 0 
7f9f14021000-7f9f18000000 ---p 00000000 00:00 0 
7f9f18000000-7f9f18021000 rw-p 00000000 00:00 0 
7f9f18021000-7f9f1c000000 ---p 00000000 00:00 0 
7f9f1c000000-7f9f1c021000 rw-p 00000000 00:00 0 
7f9f1c021000-7f9f20000000 ---p 00000000 00:00 0 
7f9f20000000-7f9f20021000 rw-p 00000000 00:00 0 
7f9f20021000-7f9f24000000 ---p 00000000 00:00 0 
7f9f24000000-7f9f24021000 rw-p 00000000 00:00 0 
7f9f24021000-7f9f28000000 ---p 00000000 00:00 0 
7f9f28000000-7f9f28021000 rw-p 00000000 00:00 0 
7f9f28021000-7f9f2c000000 ---p 00000000 00:00 0 
7f9f2c000000-7f9f2c021000 rw-p 00000000 00:00 0 
7f9f2c021000-7f9f30000000 ---p 00000000 00:00 0 
7f9f30000000-7f9f30021000 rw-p 00000000 00:00 0 
7f9f30021000-7f9f34000000 ---p 00000000 00:00 0 
7f9f34000000-7f9f34021000 rw-p 00000000 00:00 0 
7f9f34021000-7f9f38000000 ---p 00000000 00:00 0 
7f9f38932000-7f9f38933000 ---p 00000000 00:00 0 
7f9f38933000-7f9f38a34000 rw-p 00000000 00:00 0 
7f9f38a34000-7f9f38a38000 ---p 00000000 00:00 0 
7f9f38a38000-7f9f38b34000 rw-p 00000000 00:00 0 
7f9f38b34000-7f9f38b38000 ---p 00000000 00:00 0 
7f9f38b38000-7f9f38c34000 rw-p 00000000 00:00 0 
7f9f38c34000-7f9f38c38000 ---p 00000000 00:00 0 
7f9f38c38000-7f9f38d34000 rw-p 00000000 00:00 0 
7f9f38d34000-7f9f38d38000 ---p 00000000 00:00 0 
7f9f38d38000-7f9f38e34000 rw-p 00000000 00:00 0 
7f9f38e34000-7f9f38e38000 ---p 00000000 00:00 0 
7f9f38e38000-7f9f38f34000 rw-p 00000000 00:00 0 
7f9f38f34000-7f9f38f38000 ---p 00000000 00:00 0 
7f9f38f38000-7f9f39034000 rw-p 00000000 00:00 0 
7f9f39034000-7f9f39038000 ---p 00000000 00:00 0 
7f9f39038000-7f9f39134000 rw-p 00000000 00:00 0 
7f9f39134000-7f9f39138000 ---p 00000000 00:00 0 
7f9f39138000-7f9f39234000 rw-p 00000000 00:00 0 
7f9f39234000-7f9f3956d000 r--p 00000000 103:02 7922208                   /usr/lib/locale/locale-archive
7f9f3956d000-7f9f39571000 ---p 00000000 00:00 0 
7f9f39571000-7f9f3966d000 rw-p 00000000 00:00 0 
7f9f3966d000-7f9f39671000 ---p 00000000 00:00 0 
7f9f39671000-7f9f3976d000 rw-p 00000000 00:00 0 
7f9f3976d000-7f9f3976e000 ---p 00000000 00:00 0 
7f9f3976e000-7f9f3c037000 rw-p 00000000 00:00 0 
7f9f3c037000-7f9f43477000 ---p 00000000 00:00 0 
7f9f43477000-7f9f43c3f000 rw-p 00000000 00:00 0 
7f9f43c3f000-7f9f4b07f000 ---p 00000000 00:00 0 
7f9f4b07f000-7f9f4b178000 rw-p 00000000 00:00 0 
7f9f4b178000-7f9f4c000000 ---p 00000000 00:00 0 
7f9f4c000000-7f9f4c021000 rw-p 00000000 00:00 0 
7f9f4c021000-7f9f50000000 ---p 00000000 00:00 0 
7f9f50000000-7f9f50004000 r--p 00000000 103:02 13107624                  /usr/lib/jvm/java-11-openjdk/lib/libnet.so
7f9f50004000-7f9f50012000 r-xp 00004000 103:02 13107624                  /usr/lib/jvm/java-11-openjdk/lib/libnet.so
7f9f50012000-7f9f50016000 r--p 00012000 103:02 13107624                  /usr/lib/jvm/java-11-openjdk/lib/libnet.so
7f9f50016000-7f9f50017000 r--p 00015000 103:02 13107624                  /usr/lib/jvm/java-11-openjdk/lib/libnet.so
7f9f50017000-7f9f50018000 rw-p 00016000 103:02 13107624                  /usr/lib/jvm/java-11-openjdk/lib/libnet.so
7f9f50018000-7f9f5001f000 r--p 00000000 103:02 13107626                  /usr/lib/jvm/java-11-openjdk/lib/libnio.so
7f9f5001f000-7f9f50026000 r-xp 00007000 103:02 13107626                  /usr/lib/jvm/java-11-openjdk/lib/libnio.so
7f9f50026000-7f9f50029000 r--p 0000e000 103:02 13107626                  /usr/lib/jvm/java-11-openjdk/lib/libnio.so
7f9f50029000-7f9f5002a000 r--p 00010000 103:02 13107626                  /usr/lib/jvm/java-11-openjdk/lib/libnio.so
7f9f5002a000-7f9f5002b000 rw-p 00011000 103:02 13107626                  /usr/lib/jvm/java-11-openjdk/lib/libnio.so
7f9f5002b000-7f9f5072b000 rw-p 00000000 00:00 0 
7f9f5072b000-7f9f5082b000 ---p 00000000 00:00 0 
7f9f5082b000-7f9f50a9b000 rwxp 00000000 00:00 0 
7f9f50a9b000-7f9f50dbc000 ---p 00000000 00:00 0 
7f9f50dbc000-7f9f5102c000 rwxp 00000000 00:00 0 
7f9f5102c000-7f9f582f3000 ---p 00000000 00:00 0 
7f9f582f3000-7f9f58563000 rwxp 00000000 00:00 0 
7f9f58563000-7f9f5f82b000 ---p 00000000 00:00 0 
7f9f5f82b000-7f9f68000000 r--s 00000000 103:02 13107641                  /usr/lib/jvm/java-11-openjdk/lib/modules
7f9f68000000-7f9f685c0000 rw-p 00000000 00:00 0 
7f9f685c0000-7f9f6c000000 ---p 00000000 00:00 0 
7f9f6c009000-7f9f6c0e5000 rw-p 00000000 00:00 0 
7f9f6c0e5000-7f9f6c0e6000 ---p 00000000 00:00 0 
7f9f6c0e6000-7f9f6c1e7000 rw-p 00000000 00:00 0 
7f9f6c1e7000-7f9f6c1e8000 ---p 00000000 00:00 0 
7f9f6c1e8000-7f9f6caf1000 rw-p 00000000 00:00 0 
7f9f6caf1000-7f9f6caf2000 ---p 00000000 00:00 0 
7f9f6caf2000-7f9f6cbf3000 rw-p 00000000 00:00 0 
7f9f6cbf3000-7f9f6cbf4000 ---p 00000000 00:00 0 
7f9f6cbf4000-7f9f6ceee000 rw-p 00000000 00:00 0 
7f9f6ceee000-7f9f6dd76000 ---p 00000000 00:00 0 
7f9f6dd76000-7f9f6de6f000 rw-p 00000000 00:00 0 
7f9f6de6f000-7f9f6ecf7000 ---p 00000000 00:00 0 
7f9f6ecf7000-7f9f6f53e000 rw-p 00000000 00:00 0 
7f9f6f53e000-7f9f6f53f000 ---p 00000000 00:00 0 
7f9f6f53f000-7f9f6f645000 rw-p 00000000 00:00 0 
7f9f6f645000-7f9f6f72b000 ---p 00000000 00:00 0 
7f9f6f72b000-7f9f6f730000 rw-p 00000000 00:00 0 
7f9f6f730000-7f9f6f816000 ---p 00000000 00:00 0 
7f9f6f816000-7f9f6f81b000 rw-p 00000000 00:00 0 
7f9f6f81b000-7f9f6f822000 ---p 00000000 00:00 0 
7f9f6f822000-7f9f6f825000 r--p 00000000 103:02 13107640                  /usr/lib/jvm/java-11-openjdk/lib/libzip.so
7f9f6f825000-7f9f6f829000 r-xp 00003000 103:02 13107640                  /usr/lib/jvm/java-11-openjdk/lib/libzip.so
7f9f6f829000-7f9f6f82b000 r--p 00007000 103:02 13107640                  /usr/lib/jvm/java-11-openjdk/lib/libzip.so
7f9f6f82b000-7f9f6f82c000 r--p 00008000 103:02 13107640                  /usr/lib/jvm/java-11-openjdk/lib/libzip.so
7f9f6f82c000-7f9f6f82d000 rw-p 00009000 103:02 13107640                  /usr/lib/jvm/java-11-openjdk/lib/libzip.so
7f9f6f82d000-7f9f6f835000 rw-s 00000000 00:20 172                        /tmp/hsperfdata_piuslee/5381
7f9f6f835000-7f9f6f843000 r--p 00000000 103:02 13107604                  /usr/lib/jvm/java-11-openjdk/lib/libjava.so
7f9f6f843000-7f9f6f858000 r-xp 0000e000 103:02 13107604                  /usr/lib/jvm/java-11-openjdk/lib/libjava.so
7f9f6f858000-7f9f6f85e000 r--p 00023000 103:02 13107604                  /usr/lib/jvm/java-11-openjdk/lib/libjava.so
7f9f6f85e000-7f9f6f85f000 ---p 00029000 103:02 13107604                  /usr/lib/jvm/java-11-openjdk/lib/libjava.so
7f9f6f85f000-7f9f6f860000 r--p 00029000 103:02 13107604                  /usr/lib/jvm/java-11-openjdk/lib/libjava.so
7f9f6f860000-7f9f6f861000 rw-p 0002a000 103:02 13107604                  /usr/lib/jvm/java-11-openjdk/lib/libjava.so
7f9f6f861000-7f9f6f862000 rw-p 00000000 00:00 0 
7f9f6f862000-7f9f6f863000 r--p 00000000 103:02 7867803                   /usr/lib/librt.so.1
7f9f6f863000-7f9f6f864000 r-xp 00001000 103:02 7867803                   /usr/lib/librt.so.1
7f9f6f864000-7f9f6f865000 r--p 00002000 103:02 7867803                   /usr/lib/librt.so.1
7f9f6f865000-7f9f6f866000 r--p 00002000 103:02 7867803                   /usr/lib/librt.so.1
7f9f6f866000-7f9f6f867000 rw-p 00003000 103:02 7867803                   /usr/lib/librt.so.1
7f9f6f867000-7f9f6f86b000 ---p 00000000 00:00 0 
7f9f6f86b000-7f9f6f967000 rw-p 00000000 00:00 0 
7f9f6f967000-7f9f6f96a000 r--p 00000000 103:02 7868531                   /usr/lib/libgcc_s.so.1
7f9f6f96a000-7f9f6f97c000 r-xp 00003000 103:02 7868531                   /usr/lib/libgcc_s.so.1
7f9f6f97c000-7f9f6f97f000 r--p 00015000 103:02 7868531                   /usr/lib/libgcc_s.so.1
7f9f6f97f000-7f9f6f980000 ---p 00018000 103:02 7868531                   /usr/lib/libgcc_s.so.1
7f9f6f980000-7f9f6f981000 r--p 00018000 103:02 7868531                   /usr/lib/libgcc_s.so.1
7f9f6f981000-7f9f6f982000 rw-p 00019000 103:02 7868531                   /usr/lib/libgcc_s.so.1
7f9f6f982000-7f9f6f992000 r--p 00000000 103:02 7867770                   /usr/lib/libm.so.6
7f9f6f992000-7f9f6fa0c000 r-xp 00010000 103:02 7867770                   /usr/lib/libm.so.6
7f9f6fa0c000-7f9f6fa68000 r--p 0008a000 103:02 7867770                   /usr/lib/libm.so.6
7f9f6fa68000-7f9f6fa69000 r--p 000e5000 103:02 7867770                   /usr/lib/libm.so.6
7f9f6fa69000-7f9f6fa6a000 rw-p 000e6000 103:02 7867770                   /usr/lib/libm.so.6
7f9f6fa6a000-7f9f6fb03000 r--p 00000000 103:02 7868566                   /usr/lib/libstdc++.so.6.0.29
7f9f6fb03000-7f9f6fc0c000 r-xp 00099000 103:02 7868566                   /usr/lib/libstdc++.so.6.0.29
7f9f6fc0c000-7f9f6fc7e000 r--p 001a2000 103:02 7868566                   /usr/lib/libstdc++.so.6.0.29
7f9f6fc7e000-7f9f6fc7f000 ---p 00214000 103:02 7868566                   /usr/lib/libstdc++.so.6.0.29
7f9f6fc7f000-7f9f6fc8c000 r--p 00214000 103:02 7868566                   /usr/lib/libstdc++.so.6.0.29
7f9f6fc8c000-7f9f6fc8d000 rw-p 00221000 103:02 7868566                   /usr/lib/libstdc++.so.6.0.29
7f9f6fc8d000-7f9f6fc90000 rw-p 00000000 00:00 0 
7f9f6fc90000-7f9f6ff09000 r--p 00000000 103:02 13107651                  /usr/lib/jvm/java-11-openjdk/lib/server/libjvm.so
7f9f6ff09000-7f9f70b77000 r-xp 00279000 103:02 13107651                  /usr/lib/jvm/java-11-openjdk/lib/server/libjvm.so
7f9f70b77000-7f9f70e5c000 r--p 00ee7000 103:02 13107651                  /usr/lib/jvm/java-11-openjdk/lib/server/libjvm.so
7f9f70e5c000-7f9f70f1d000 r--p 011cb000 103:02 13107651                  /usr/lib/jvm/java-11-openjdk/lib/server/libjvm.so
7f9f70f1d000-7f9f70f57000 rw-p 0128c000 103:02 13107651                  /usr/lib/jvm/java-11-openjdk/lib/server/libjvm.so
7f9f70f57000-7f9f70fb0000 rw-p 00000000 00:00 0 
7f9f70fb0000-7f9f70fb3000 r--p 00000000 103:02 7877609                   /usr/lib/libz.so.1.2.11
7f9f70fb3000-7f9f70fc1000 r-xp 00003000 103:02 7877609                   /usr/lib/libz.so.1.2.11
7f9f70fc1000-7f9f70fc7000 r--p 00011000 103:02 7877609                   /usr/lib/libz.so.1.2.11
7f9f70fc7000-7f9f70fc8000 ---p 00017000 103:02 7877609                   /usr/lib/libz.so.1.2.11
7f9f70fc8000-7f9f70fc9000 r--p 00017000 103:02 7877609                   /usr/lib/libz.so.1.2.11
7f9f70fc9000-7f9f70fca000 rw-p 00018000 103:02 7877609                   /usr/lib/libz.so.1.2.11
7f9f70fca000-7f9f70ff6000 r--p 00000000 103:02 7867755                   /usr/lib/libc.so.6
7f9f70ff6000-7f9f7116c000 r-xp 0002c000 103:02 7867755                   /usr/lib/libc.so.6
7f9f7116c000-7f9f711c0000 r--p 001a2000 103:02 7867755                   /usr/lib/libc.so.6
7f9f711c0000-7f9f711c1000 ---p 001f6000 103:02 7867755                   /usr/lib/libc.so.6
7f9f711c1000-7f9f711c4000 r--p 001f6000 103:02 7867755                   /usr/lib/libc.so.6
7f9f711c4000-7f9f711c7000 rw-p 001f9000 103:02 7867755                   /usr/lib/libc.so.6
7f9f711c7000-7f9f711d4000 rw-p 00000000 00:00 0 
7f9f711d5000-7f9f711d6000 r--p 00000000 103:02 13107588                  /usr/lib/jvm/java-11-openjdk/lib/libextnet.so
7f9f711d6000-7f9f711d7000 r-xp 00001000 103:02 13107588                  /usr/lib/jvm/java-11-openjdk/lib/libextnet.so
7f9f711d7000-7f9f711d8000 r--p 00002000 103:02 13107588                  /usr/lib/jvm/java-11-openjdk/lib/libextnet.so
7f9f711d8000-7f9f711d9000 r--p 00002000 103:02 13107588                  /usr/lib/jvm/java-11-openjdk/lib/libextnet.so
7f9f711d9000-7f9f711da000 rw-p 00003000 103:02 13107588                  /usr/lib/jvm/java-11-openjdk/lib/libextnet.so
7f9f711da000-7f9f711dc000 r--p 00000000 103:02 13107594                  /usr/lib/jvm/java-11-openjdk/lib/libinstrument.so
7f9f711dc000-7f9f711e2000 r-xp 00002000 103:02 13107594                  /usr/lib/jvm/java-11-openjdk/lib/libinstrument.so
7f9f711e2000-7f9f711e5000 r--p 00008000 103:02 13107594                  /usr/lib/jvm/java-11-openjdk/lib/libinstrument.so
7f9f711e5000-7f9f711e6000 r--p 0000a000 103:02 13107594                  /usr/lib/jvm/java-11-openjdk/lib/libinstrument.so
7f9f711e6000-7f9f711e7000 rw-p 0000b000 103:02 13107594                  /usr/lib/jvm/java-11-openjdk/lib/libinstrument.so
7f9f711e7000-7f9f711e8000 ---p 00000000 00:00 0 
7f9f711e8000-7f9f711e9000 r--p 00000000 00:00 0 
7f9f711e9000-7f9f711eb000 r--p 00000000 103:02 13107610                  /usr/lib/jvm/java-11-openjdk/lib/libjimage.so
7f9f711eb000-7f9f711ee000 r-xp 00002000 103:02 13107610                  /usr/lib/jvm/java-11-openjdk/lib/libjimage.so
7f9f711ee000-7f9f711ef000 r--p 00005000 103:02 13107610                  /usr/lib/jvm/java-11-openjdk/lib/libjimage.so
7f9f711ef000-7f9f711f0000 ---p 00006000 103:02 13107610                  /usr/lib/jvm/java-11-openjdk/lib/libjimage.so
7f9f711f0000-7f9f711f1000 r--p 00006000 103:02 13107610                  /usr/lib/jvm/java-11-openjdk/lib/libjimage.so
7f9f711f1000-7f9f711f2000 rw-p 00007000 103:02 13107610                  /usr/lib/jvm/java-11-openjdk/lib/libjimage.so
7f9f711f2000-7f9f711f7000 r--p 00000000 103:02 13107638                  /usr/lib/jvm/java-11-openjdk/lib/libverify.so
7f9f711f7000-7f9f711fe000 r-xp 00005000 103:02 13107638                  /usr/lib/jvm/java-11-openjdk/lib/libverify.so
7f9f711fe000-7f9f71200000 r--p 0000c000 103:02 13107638                  /usr/lib/jvm/java-11-openjdk/lib/libverify.so
7f9f71200000-7f9f71202000 r--p 0000d000 103:02 13107638                  /usr/lib/jvm/java-11-openjdk/lib/libverify.so
7f9f71202000-7f9f71203000 rw-p 0000f000 103:02 13107638                  /usr/lib/jvm/java-11-openjdk/lib/libverify.so
7f9f71203000-7f9f71206000 r--p 00000000 103:02 13107575                  /usr/lib/jvm/java-11-openjdk/lib/jli/libjli.so
7f9f71206000-7f9f71210000 r-xp 00003000 103:02 13107575                  /usr/lib/jvm/java-11-openjdk/lib/jli/libjli.so
7f9f71210000-7f9f71213000 r--p 0000d000 103:02 13107575                  /usr/lib/jvm/java-11-openjdk/lib/jli/libjli.so
7f9f71213000-7f9f71214000 ---p 00010000 103:02 13107575                  /usr/lib/jvm/java-11-openjdk/lib/jli/libjli.so
7f9f71214000-7f9f71215000 r--p 00010000 103:02 13107575                  /usr/lib/jvm/java-11-openjdk/lib/jli/libjli.so
7f9f71215000-7f9f71216000 rw-p 00011000 103:02 13107575                  /usr/lib/jvm/java-11-openjdk/lib/jli/libjli.so
7f9f71216000-7f9f71218000 rw-p 00000000 00:00 0 
7f9f71218000-7f9f7121a000 r--p 00000000 103:02 7867743                   /usr/lib/ld-linux-x86-64.so.2
7f9f7121a000-7f9f71241000 r-xp 00002000 103:02 7867743                   /usr/lib/ld-linux-x86-64.so.2
7f9f71241000-7f9f7124c000 r--p 00029000 103:02 7867743                   /usr/lib/ld-linux-x86-64.so.2
7f9f7124d000-7f9f7124f000 r--p 00034000 103:02 7867743                   /usr/lib/ld-linux-x86-64.so.2
7f9f7124f000-7f9f71251000 rw-p 00036000 103:02 7867743                   /usr/lib/ld-linux-x86-64.so.2
7fffddf08000-7fffddf29000 rw-p 00000000 00:00 0                          [stack]
7fffddfa6000-7fffddfaa000 r--p 00000000 00:00 0                          [vvar]
7fffddfaa000-7fffddfac000 r-xp 00000000 00:00 0                          [vdso]
ffffffffff600000-ffffffffff601000 --xp 00000000 00:00 0                  [vsyscall]


VM Arguments:
jvm_args: -javaagent:/opt/intellij-idea-ce-eap/lib/idea_rt.jar=40309:/opt/intellij-idea-ce-eap/bin -Dfile.encoding=UTF-8 
java_command: test.ExampleGraphics
java_class_path (initial): /home/piuslee/IdeaProjects/jacoblyles/target/classes:/home/piuslee/.m2/repository/io/github/spair/imgui-java-app/1.86.4/imgui-java-app-1.86.4.jar:/home/piuslee/.m2/repository/org/lwjgl/lwjgl/3.3.1/lwjgl-3.3.1.jar:/home/piuslee/.m2/repository/org/lwjgl/lwjgl-glfw/3.3.1/lwjgl-glfw-3.3.1.jar:/home/piuslee/.m2/repository/org/lwjgl/lwjgl-opengl/3.3.1/lwjgl-opengl-3.3.1.jar:/home/piuslee/.m2/repository/org/lwjgl/lwjgl/3.3.1/lwjgl-3.3.1-natives-linux.jar:/home/piuslee/.m2/repository/org/lwjgl/lwjgl-glfw/3.3.1/lwjgl-glfw-3.3.1-natives-linux.jar:/home/piuslee/.m2/repository/org/lwjgl/lwjgl-opengl/3.3.1/lwjgl-opengl-3.3.1-natives-linux.jar:/home/piuslee/.m2/repository/org/lwjgl/lwjgl/3.3.1/lwjgl-3.3.1-natives-windows.jar:/home/piuslee/.m2/repository/org/lwjgl/lwjgl-glfw/3.3.1/lwjgl-glfw-3.3.1-natives-windows.jar:/home/piuslee/.m2/repository/org/lwjgl/lwjgl-opengl/3.3.1/lwjgl-opengl-3.3.1-natives-windows.jar:/home/piuslee/.m2/repository/org/lwjgl/lwjgl/3.3.1/lwjgl-3.3.1-natives-macos.jar:/home/piuslee/.m2/repository/org/lwjgl/lwjgl-glfw/3.3.1/lwjgl-glfw-3.3.1-natives-macos.jar:/home/piuslee/.m2/repository/org/lwjgl/lwjgl-opengl/3.3.1/lwjgl-opengl-3.3.1-natives-macos.jar:/home/piuslee/.m2/repository/io/github/spair/imgui-java-binding/1.86.4/imgui-java-binding-1.86.4.jar:/home/piuslee/.m2/repository/io/github/spair/imgui-java-lwjgl3/1.86.4/imgui-java-lwjgl3-1.86.4.jar
Launcher Type: SUN_STANDARD

[Global flags]
     intx CICompilerCount                          = 4                                         {product} {ergonomic}
     uint ConcGCThreads                            = 2                                         {product} {ergonomic}
     uint G1ConcRefinementThreads                  = 8                                         {product} {ergonomic}
   size_t G1HeapRegionSize                         = 2097152                                   {product} {ergonomic}
    uintx GCDrainStackTargetSize                   = 64                                        {product} {ergonomic}
   size_t InitialHeapSize                          = 522190848                                 {product} {ergonomic}
   size_t MarkStackSize                            = 4194304                                   {product} {ergonomic}
   size_t MaxHeapSize                              = 8323596288                                {product} {ergonomic}
   size_t MaxNewSize                               = 4993318912                                {product} {ergonomic}
   size_t MinHeapDeltaBytes                        = 2097152                                   {product} {ergonomic}
    uintx NonNMethodCodeHeapSize                   = 5836300                                {pd product} {ergonomic}
    uintx NonProfiledCodeHeapSize                  = 122910970                              {pd product} {ergonomic}
    uintx ProfiledCodeHeapSize                     = 122910970                              {pd product} {ergonomic}
    uintx ReservedCodeCacheSize                    = 251658240                              {pd product} {ergonomic}
     bool SegmentedCodeCache                       = true                                      {product} {ergonomic}
     bool UseCompressedClassPointers               = true                                 {lp64_product} {ergonomic}
     bool UseCompressedOops                        = true                                 {lp64_product} {ergonomic}
     bool UseG1GC                                  = true                                      {product} {ergonomic}

Logging:
Log output configuration:
 #0: stdout all=warning uptime,level,tags
 #1: stderr all=off uptime,level,tags

Environment Variables:
PATH=/usr/local/sbin:/usr/local/bin:/usr/bin:/opt/cuda/bin:/opt/cuda/nsight_compute:/opt/cuda/nsight_systems/bin:/usr/lib/jvm/default/bin:/usr/bin/site_perl:/usr/bin/vendor_perl:/usr/bin/core_perl:/var/lib/snapd/snap/bin
SHELL=/bin/bash
DISPLAY=:0
LANG=en-US.UTF-8

Signal Handlers:
SIGSEGV: [libjvm.so+0xe6d440], sa_mask[0]=11111111011111111101111111111110, sa_flags=SA_RESTART|SA_SIGINFO
SIGBUS: [libjvm.so+0xe6d440], sa_mask[0]=11111111011111111101111111111110, sa_flags=SA_RESTART|SA_SIGINFO
SIGFPE: [libjvm.so+0xe6d440], sa_mask[0]=11111111011111111101111111111110, sa_flags=SA_RESTART|SA_SIGINFO
SIGPIPE: [libjvm.so+0xc57f60], sa_mask[0]=11111111011111111101111111111110, sa_flags=SA_RESTART|SA_SIGINFO
SIGXFSZ: [libjvm.so+0xc57f60], sa_mask[0]=11111111011111111101111111111110, sa_flags=SA_RESTART|SA_SIGINFO
SIGILL: [libjvm.so+0xe6d440], sa_mask[0]=11111111011111111101111111111110, sa_flags=SA_RESTART|SA_SIGINFO
SIGUSR2: [libjvm.so+0xc57de0], sa_mask[0]=00100000000000000000000000000000, sa_flags=SA_RESTART|SA_SIGINFO
SIGHUP: [libjvm.so+0xc583f0], sa_mask[0]=11111111011111111101111111111110, sa_flags=SA_RESTART|SA_SIGINFO
SIGINT: [libjvm.so+0xc583f0], sa_mask[0]=11111111011111111101111111111110, sa_flags=SA_RESTART|SA_SIGINFO
SIGTERM: [libjvm.so+0xc583f0], sa_mask[0]=11111111011111111101111111111110, sa_flags=SA_RESTART|SA_SIGINFO
SIGQUIT: [libjvm.so+0xc583f0], sa_mask[0]=11111111011111111101111111111110, sa_flags=SA_RESTART|SA_SIGINFO


---------------  S Y S T E M  ---------------

OS:DISTRIB_ID="Arch"
DISTRIB_RELEASE="rolling"
DISTRIB_DESCRIPTION="Arch Linux"
uname:Linux 5.16.15-arch1-1 #1 SMP PREEMPT Thu, 17 Mar 2022 00:30:09 +0000 x86_64
OS uptime: 0 days 0:36 hours
libc:glibc 2.35 NPTL 2.35 
rlimit (soft/hard): STACK 8192k/infinity , CORE infinity/infinity , NPROC 126933/126933 , NOFILE 524288/524288 , AS infinity/infinity , CPU infinity/infinity , DATA infinity/infinity , FSIZE infinity/infinity , MEMLOCK 8192k/8192k
load average:2.39 1.97 1.50

/proc/meminfo:
MemTotal:       32510816 kB
MemFree:        25709388 kB
MemAvailable:   28079020 kB
Buffers:          175180 kB
Cached:          2955316 kB
SwapCached:            0 kB
Active:           978016 kB
Inactive:        4908200 kB
Active(anon):      12980 kB
Inactive(anon):  3210564 kB
Active(file):     965036 kB
Inactive(file):  1697636 kB
Unevictable:      347856 kB
Mlocked:             144 kB
SwapTotal:             0 kB
SwapFree:              0 kB
Dirty:              3968 kB
Writeback:           120 kB
AnonPages:       3104368 kB
Mapped:          1330536 kB
Shmem:            467520 kB
KReclaimable:     150528 kB
Slab:             286128 kB
SReclaimable:     150528 kB
SUnreclaim:       135600 kB
KernelStack:       14128 kB
PageTables:        35716 kB
NFS_Unstable:          0 kB
Bounce:                0 kB
WritebackTmp:          0 kB
CommitLimit:    16255408 kB
Committed_AS:   11019352 kB
VmallocTotal:   34359738367 kB
VmallocUsed:      120244 kB
VmallocChunk:          0 kB
Percpu:             5888 kB
HardwareCorrupted:     0 kB
AnonHugePages:         0 kB
ShmemHugePages:        0 kB
ShmemPmdMapped:        0 kB
FileHugePages:         0 kB
FilePmdMapped:         0 kB
CmaTotal:              0 kB
CmaFree:               0 kB
HugePages_Total:       0
HugePages_Free:        0
HugePages_Rsvd:        0
HugePages_Surp:        0
Hugepagesize:       2048 kB
Hugetlb:               0 kB
DirectMap4k:      437840 kB
DirectMap2M:     8630272 kB
DirectMap1G:    24117248 kB

/sys/kernel/mm/transparent_hugepage/enabled:
always [madvise] never
/sys/kernel/mm/transparent_hugepage/defrag (defrag/compaction efforts parameter):
always defer defer+madvise [madvise] never

Process Memory:
Virtual Size: 11166588K (peak: 11218288K)
Resident Set Size: 46016K (peak: 46016K) (anon: 24816K, file: 19500K, shmem: 1700K)
Swapped out: 0K
C-Heap outstanding allocations: 7973K

/proc/sys/kernel/threads-max (system-wide limit on the number of threads):
253866
/proc/sys/vm/max_map_count (maximum number of memory map areas a process may have):
65530
/proc/sys/kernel/pid_max (system-wide limit on number of process identifiers):
4194304

Steal ticks since vm start: 0
Steal ticks percentage since vm start:  0.000

CPU:total 8 (initial active 8) (4 cores per cpu, 2 threads per core) family 6 model 158 stepping 9 microcode 0x8e, cmov, cx8, fxsr, mmx, sse, sse2, sse3, ssse3, sse4.1, sse4.2, popcnt, avx, avx2, aes, clmul, erms, rtm, 3dnowpref, lzcnt, ht, tsc, tscinvbit, bmi1, bmi2, adx, fma
CPU Model and flags from /proc/cpuinfo:
model name	: Intel(R) Xeon(R) CPU E3-1505M v6 @ 3.00GHz
flags		: fpu vme de pse tsc msr pae mce cx8 apic sep mtrr pge mca cmov pat pse36 clflush dts acpi mmx fxsr sse sse2 ss ht tm pbe syscall nx pdpe1gb rdtscp lm constant_tsc art arch_perfmon pebs bts rep_good nopl xtopology nonstop_tsc cpuid aperfmperf pni pclmulqdq dtes64 monitor ds_cpl vmx smx est tm2 ssse3 sdbg fma cx16 xtpr pdcm pcid sse4_1 sse4_2 x2apic movbe popcnt tsc_deadline_timer aes xsave avx f16c rdrand lahf_lm abm 3dnowprefetch cpuid_fault epb invpcid_single pti ssbd ibrs ibpb stibp tpr_shadow vnmi flexpriority ept vpid ept_ad fsgsbase tsc_adjust bmi1 hle avx2 smep bmi2 erms invpcid rtm mpx rdseed adx smap clflushopt intel_pt xsaveopt xsavec xgetbv1 xsaves dtherm ida arat pln pts hwp hwp_notify hwp_act_window hwp_epp flush_l1d
Online cpus:
0-7
Offline cpus:

BIOS frequency limitation:
<Not Available>
Frequency switch latency (ns):
0
Available cpu frequencies:
<Not Available>
Current governor:
powersave
Core performance/turbo boost:
<Not Available>

Memory: 4k page, physical 32510816k(25709388k free), swap 0k(0k free)

vm_info: OpenJDK 64-Bit Server VM (11.0.15+3) for linux-amd64 JRE (11.0.15+3), built on Feb 23 2022 11:04:07 by "builduser" with gcc 11.2.0

END.
